{"/Users/edycu/Projects/Hackathon/HermesDocs/projects/dorahacks-tether-developers-cup-2026/specs/dorahacks-tetherdevcup-the-treble/build/src/cli.js": {"path":"/Users/edycu/Projects/Hackathon/HermesDocs/projects/dorahacks-tether-developers-cup-2026/specs/dorahacks-tetherdevcup-the-treble/build/src/cli.js","all":false,"statementMap":{"0":{"start":{"line":1,"column":0},"end":{"line":1,"column":19}},"1":{"start":{"line":2,"column":0},"end":{"line":2,"column":18}},"2":{"start":{"line":3,"column":0},"end":{"line":3,"column":2}},"3":{"start":{"line":4,"column":0},"end":{"line":4,"column":81}},"4":{"start":{"line":5,"column":0},"end":{"line":5,"column":84}},"5":{"start":{"line":6,"column":0},"end":{"line":6,"column":84}},"6":{"start":{"line":7,"column":0},"end":{"line":7,"column":83}},"7":{"start":{"line":8,"column":0},"end":{"line":8,"column":2}},"8":{"start":{"line":9,"column":0},"end":{"line":9,"column":78}},"9":{"start":{"line":10,"column":0},"end":{"line":10,"column":51}},"10":{"start":{"line":11,"column":0},"end":{"line":11,"column":0}},"11":{"start":{"line":12,"column":0},"end":{"line":12,"column":29}},"12":{"start":{"line":13,"column":0},"end":{"line":13,"column":19}},"13":{"start":{"line":14,"column":0},"end":{"line":14,"column":19}},"14":{"start":{"line":15,"column":0},"end":{"line":15,"column":23}},"15":{"start":{"line":16,"column":0},"end":{"line":16,"column":40}},"16":{"start":{"line":17,"column":0},"end":{"line":17,"column":35}},"17":{"start":{"line":18,"column":0},"end":{"line":18,"column":0}},"18":{"start":{"line":19,"column":0},"end":{"line":19,"column":40}},"19":{"start":{"line":20,"column":0},"end":{"line":20,"column":36}},"20":{"start":{"line":21,"column":0},"end":{"line":21,"column":47}},"21":{"start":{"line":22,"column":0},"end":{"line":22,"column":62}},"22":{"start":{"line":23,"column":0},"end":{"line":23,"column":61}},"23":{"start":{"line":24,"column":0},"end":{"line":24,"column":54}},"24":{"start":{"line":25,"column":0},"end":{"line":25,"column":50}},"25":{"start":{"line":26,"column":0},"end":{"line":26,"column":43}},"26":{"start":{"line":27,"column":0},"end":{"line":27,"column":51}},"27":{"start":{"line":28,"column":0},"end":{"line":28,"column":42}},"28":{"start":{"line":29,"column":0},"end":{"line":29,"column":0}},"29":{"start":{"line":30,"column":0},"end":{"line":30,"column":57}},"30":{"start":{"line":31,"column":0},"end":{"line":31,"column":46}},"31":{"start":{"line":32,"column":0},"end":{"line":32,"column":77}},"32":{"start":{"line":33,"column":0},"end":{"line":33,"column":29}},"33":{"start":{"line":34,"column":0},"end":{"line":34,"column":28}},"34":{"start":{"line":35,"column":0},"end":{"line":35,"column":30}},"35":{"start":{"line":36,"column":0},"end":{"line":36,"column":31}},"36":{"start":{"line":37,"column":0},"end":{"line":37,"column":30}},"37":{"start":{"line":38,"column":0},"end":{"line":38,"column":29}},"38":{"start":{"line":39,"column":0},"end":{"line":39,"column":0}},"39":{"start":{"line":40,"column":0},"end":{"line":40,"column":38}},"40":{"start":{"line":41,"column":0},"end":{"line":41,"column":55}},"41":{"start":{"line":42,"column":0},"end":{"line":42,"column":1}},"42":{"start":{"line":43,"column":0},"end":{"line":43,"column":0}},"43":{"start":{"line":44,"column":0},"end":{"line":44,"column":25}},"44":{"start":{"line":45,"column":0},"end":{"line":45,"column":94}},"45":{"start":{"line":46,"column":0},"end":{"line":46,"column":1}},"46":{"start":{"line":47,"column":0},"end":{"line":47,"column":0}},"47":{"start":{"line":48,"column":0},"end":{"line":48,"column":34}},"48":{"start":{"line":49,"column":0},"end":{"line":49,"column":24}},"49":{"start":{"line":50,"column":0},"end":{"line":50,"column":41}},"50":{"start":{"line":51,"column":0},"end":{"line":51,"column":23}},"51":{"start":{"line":52,"column":0},"end":{"line":52,"column":127}},"52":{"start":{"line":53,"column":0},"end":{"line":53,"column":25}},"53":{"start":{"line":54,"column":0},"end":{"line":54,"column":3}},"54":{"start":{"line":55,"column":0},"end":{"line":55,"column":13}},"55":{"start":{"line":56,"column":0},"end":{"line":56,"column":1}},"56":{"start":{"line":57,"column":0},"end":{"line":57,"column":0}},"57":{"start":{"line":58,"column":0},"end":{"line":58,"column":22}},"58":{"start":{"line":59,"column":0},"end":{"line":59,"column":36}},"59":{"start":{"line":60,"column":0},"end":{"line":60,"column":37}},"60":{"start":{"line":61,"column":0},"end":{"line":61,"column":22}},"61":{"start":{"line":62,"column":0},"end":{"line":62,"column":26}},"62":{"start":{"line":63,"column":0},"end":{"line":63,"column":26}},"63":{"start":{"line":64,"column":0},"end":{"line":64,"column":1}},"64":{"start":{"line":65,"column":0},"end":{"line":65,"column":0}},"65":{"start":{"line":66,"column":0},"end":{"line":66,"column":33}},"66":{"start":{"line":67,"column":0},"end":{"line":67,"column":44}},"67":{"start":{"line":68,"column":0},"end":{"line":68,"column":1}},"68":{"start":{"line":69,"column":0},"end":{"line":69,"column":0}},"69":{"start":{"line":70,"column":0},"end":{"line":70,"column":64}},"70":{"start":{"line":71,"column":0},"end":{"line":71,"column":35}},"71":{"start":{"line":72,"column":0},"end":{"line":72,"column":25}},"72":{"start":{"line":73,"column":0},"end":{"line":73,"column":39}},"73":{"start":{"line":74,"column":0},"end":{"line":74,"column":38}},"74":{"start":{"line":75,"column":0},"end":{"line":75,"column":57}},"75":{"start":{"line":76,"column":0},"end":{"line":76,"column":3}},"76":{"start":{"line":77,"column":0},"end":{"line":77,"column":149}},"77":{"start":{"line":78,"column":0},"end":{"line":78,"column":33}},"78":{"start":{"line":79,"column":0},"end":{"line":79,"column":174}},"79":{"start":{"line":80,"column":0},"end":{"line":80,"column":1}},"80":{"start":{"line":81,"column":0},"end":{"line":81,"column":0}},"81":{"start":{"line":82,"column":0},"end":{"line":82,"column":77}},"82":{"start":{"line":83,"column":0},"end":{"line":83,"column":0}},"83":{"start":{"line":84,"column":0},"end":{"line":84,"column":38}},"84":{"start":{"line":85,"column":0},"end":{"line":85,"column":29}},"85":{"start":{"line":86,"column":0},"end":{"line":86,"column":72}},"86":{"start":{"line":87,"column":0},"end":{"line":87,"column":78}},"87":{"start":{"line":88,"column":0},"end":{"line":88,"column":78}},"88":{"start":{"line":89,"column":0},"end":{"line":89,"column":79}},"89":{"start":{"line":90,"column":0},"end":{"line":90,"column":82}},"90":{"start":{"line":91,"column":0},"end":{"line":91,"column":66}},"91":{"start":{"line":92,"column":0},"end":{"line":92,"column":85}},"92":{"start":{"line":93,"column":0},"end":{"line":93,"column":31}},"93":{"start":{"line":94,"column":0},"end":{"line":94,"column":41}},"94":{"start":{"line":95,"column":0},"end":{"line":95,"column":47}},"95":{"start":{"line":96,"column":0},"end":{"line":96,"column":0}},"96":{"start":{"line":97,"column":0},"end":{"line":97,"column":95}},"97":{"start":{"line":98,"column":0},"end":{"line":98,"column":106}},"98":{"start":{"line":99,"column":0},"end":{"line":99,"column":131}},"99":{"start":{"line":100,"column":0},"end":{"line":100,"column":0}},"100":{"start":{"line":101,"column":0},"end":{"line":101,"column":32}},"101":{"start":{"line":102,"column":0},"end":{"line":102,"column":49}},"102":{"start":{"line":103,"column":0},"end":{"line":103,"column":0}},"103":{"start":{"line":104,"column":0},"end":{"line":104,"column":20}},"104":{"start":{"line":105,"column":0},"end":{"line":105,"column":38}},"105":{"start":{"line":106,"column":0},"end":{"line":106,"column":22}},"106":{"start":{"line":107,"column":0},"end":{"line":107,"column":17}},"107":{"start":{"line":108,"column":0},"end":{"line":108,"column":118}},"108":{"start":{"line":109,"column":0},"end":{"line":109,"column":4}},"109":{"start":{"line":110,"column":0},"end":{"line":110,"column":90}},"110":{"start":{"line":111,"column":0},"end":{"line":111,"column":91}},"111":{"start":{"line":112,"column":0},"end":{"line":112,"column":97}},"112":{"start":{"line":113,"column":0},"end":{"line":113,"column":40}},"113":{"start":{"line":114,"column":0},"end":{"line":114,"column":111}},"114":{"start":{"line":115,"column":0},"end":{"line":115,"column":0}},"115":{"start":{"line":116,"column":0},"end":{"line":116,"column":136}},"116":{"start":{"line":117,"column":0},"end":{"line":117,"column":49}},"117":{"start":{"line":118,"column":0},"end":{"line":118,"column":0}},"118":{"start":{"line":119,"column":0},"end":{"line":119,"column":71}},"119":{"start":{"line":120,"column":0},"end":{"line":120,"column":19}},"120":{"start":{"line":121,"column":0},"end":{"line":121,"column":73}},"121":{"start":{"line":122,"column":0},"end":{"line":122,"column":72}},"122":{"start":{"line":123,"column":0},"end":{"line":123,"column":72}},"123":{"start":{"line":124,"column":0},"end":{"line":124,"column":3}},"124":{"start":{"line":125,"column":0},"end":{"line":125,"column":48}},"125":{"start":{"line":126,"column":0},"end":{"line":126,"column":18}},"126":{"start":{"line":127,"column":0},"end":{"line":127,"column":11}},"127":{"start":{"line":128,"column":0},"end":{"line":128,"column":106}},"128":{"start":{"line":129,"column":0},"end":{"line":129,"column":4}},"129":{"start":{"line":130,"column":0},"end":{"line":130,"column":44}},"130":{"start":{"line":131,"column":0},"end":{"line":131,"column":92}},"131":{"start":{"line":132,"column":0},"end":{"line":132,"column":0}},"132":{"start":{"line":133,"column":0},"end":{"line":133,"column":34}},"133":{"start":{"line":134,"column":0},"end":{"line":134,"column":77}},"134":{"start":{"line":135,"column":0},"end":{"line":135,"column":79}},"135":{"start":{"line":136,"column":0},"end":{"line":136,"column":92}},"136":{"start":{"line":137,"column":0},"end":{"line":137,"column":94}},"137":{"start":{"line":138,"column":0},"end":{"line":138,"column":0}},"138":{"start":{"line":139,"column":0},"end":{"line":139,"column":18}},"139":{"start":{"line":140,"column":0},"end":{"line":140,"column":59}},"140":{"start":{"line":141,"column":0},"end":{"line":141,"column":57}},"141":{"start":{"line":142,"column":0},"end":{"line":142,"column":58}},"142":{"start":{"line":143,"column":0},"end":{"line":143,"column":3}},"143":{"start":{"line":144,"column":0},"end":{"line":144,"column":31}},"144":{"start":{"line":145,"column":0},"end":{"line":145,"column":47}},"145":{"start":{"line":146,"column":0},"end":{"line":146,"column":84}},"146":{"start":{"line":147,"column":0},"end":{"line":147,"column":100}},"147":{"start":{"line":148,"column":0},"end":{"line":148,"column":93}},"148":{"start":{"line":149,"column":0},"end":{"line":149,"column":48}},"149":{"start":{"line":150,"column":0},"end":{"line":150,"column":223}},"150":{"start":{"line":151,"column":0},"end":{"line":151,"column":3}},"151":{"start":{"line":152,"column":0},"end":{"line":152,"column":0}},"152":{"start":{"line":153,"column":0},"end":{"line":153,"column":37}},"153":{"start":{"line":154,"column":0},"end":{"line":154,"column":194}},"154":{"start":{"line":155,"column":0},"end":{"line":155,"column":30}},"155":{"start":{"line":156,"column":0},"end":{"line":156,"column":19}},"156":{"start":{"line":157,"column":0},"end":{"line":157,"column":24}},"157":{"start":{"line":158,"column":0},"end":{"line":158,"column":10}},"158":{"start":{"line":159,"column":0},"end":{"line":159,"column":53}},"159":{"start":{"line":160,"column":0},"end":{"line":160,"column":36}},"160":{"start":{"line":161,"column":0},"end":{"line":161,"column":4}},"161":{"start":{"line":162,"column":0},"end":{"line":162,"column":65}},"162":{"start":{"line":163,"column":0},"end":{"line":163,"column":148}},"163":{"start":{"line":164,"column":0},"end":{"line":164,"column":28}},"164":{"start":{"line":165,"column":0},"end":{"line":165,"column":62}},"165":{"start":{"line":166,"column":0},"end":{"line":166,"column":110}},"166":{"start":{"line":167,"column":0},"end":{"line":167,"column":4}},"167":{"start":{"line":168,"column":0},"end":{"line":168,"column":174}},"168":{"start":{"line":169,"column":0},"end":{"line":169,"column":36}},"169":{"start":{"line":170,"column":0},"end":{"line":170,"column":0}},"170":{"start":{"line":171,"column":0},"end":{"line":171,"column":18}},"171":{"start":{"line":172,"column":0},"end":{"line":172,"column":84}},"172":{"start":{"line":173,"column":0},"end":{"line":173,"column":95}},"173":{"start":{"line":174,"column":0},"end":{"line":174,"column":137}},"174":{"start":{"line":175,"column":0},"end":{"line":175,"column":3}},"175":{"start":{"line":176,"column":0},"end":{"line":176,"column":0}},"176":{"start":{"line":177,"column":0},"end":{"line":177,"column":40}},"177":{"start":{"line":178,"column":0},"end":{"line":178,"column":118}},"178":{"start":{"line":179,"column":0},"end":{"line":179,"column":92}},"179":{"start":{"line":180,"column":0},"end":{"line":180,"column":143}},"180":{"start":{"line":181,"column":0},"end":{"line":181,"column":0}},"181":{"start":{"line":182,"column":0},"end":{"line":182,"column":18}},"182":{"start":{"line":183,"column":0},"end":{"line":183,"column":37}},"183":{"start":{"line":184,"column":0},"end":{"line":184,"column":19}},"184":{"start":{"line":185,"column":0},"end":{"line":185,"column":78}},"185":{"start":{"line":186,"column":0},"end":{"line":186,"column":67}},"186":{"start":{"line":187,"column":0},"end":{"line":187,"column":3}},"187":{"start":{"line":188,"column":0},"end":{"line":188,"column":30}},"188":{"start":{"line":189,"column":0},"end":{"line":189,"column":79}},"189":{"start":{"line":190,"column":0},"end":{"line":190,"column":0}},"190":{"start":{"line":191,"column":0},"end":{"line":191,"column":50}},"191":{"start":{"line":192,"column":0},"end":{"line":192,"column":97}},"192":{"start":{"line":193,"column":0},"end":{"line":193,"column":37}},"193":{"start":{"line":194,"column":0},"end":{"line":194,"column":38}},"194":{"start":{"line":195,"column":0},"end":{"line":195,"column":9}},"195":{"start":{"line":196,"column":0},"end":{"line":196,"column":27}},"196":{"start":{"line":197,"column":0},"end":{"line":197,"column":23}},"197":{"start":{"line":198,"column":0},"end":{"line":198,"column":3}},"198":{"start":{"line":199,"column":0},"end":{"line":199,"column":23}},"199":{"start":{"line":200,"column":0},"end":{"line":200,"column":109}},"200":{"start":{"line":201,"column":0},"end":{"line":201,"column":146}},"201":{"start":{"line":202,"column":0},"end":{"line":202,"column":106}},"202":{"start":{"line":203,"column":0},"end":{"line":203,"column":0}},"203":{"start":{"line":204,"column":0},"end":{"line":204,"column":75}},"204":{"start":{"line":205,"column":0},"end":{"line":205,"column":54}},"205":{"start":{"line":206,"column":0},"end":{"line":206,"column":50}},"206":{"start":{"line":207,"column":0},"end":{"line":207,"column":26}},"207":{"start":{"line":208,"column":0},"end":{"line":208,"column":28}},"208":{"start":{"line":209,"column":0},"end":{"line":209,"column":22}},"209":{"start":{"line":210,"column":0},"end":{"line":210,"column":189}},"210":{"start":{"line":211,"column":0},"end":{"line":211,"column":0}},"211":{"start":{"line":212,"column":0},"end":{"line":212,"column":84}},"212":{"start":{"line":213,"column":0},"end":{"line":213,"column":40}},"213":{"start":{"line":214,"column":0},"end":{"line":214,"column":39}},"214":{"start":{"line":215,"column":0},"end":{"line":215,"column":0}},"215":{"start":{"line":216,"column":0},"end":{"line":216,"column":89}},"216":{"start":{"line":217,"column":0},"end":{"line":217,"column":108}},"217":{"start":{"line":218,"column":0},"end":{"line":218,"column":103}},"218":{"start":{"line":219,"column":0},"end":{"line":219,"column":105}},"219":{"start":{"line":220,"column":0},"end":{"line":220,"column":0}},"220":{"start":{"line":221,"column":0},"end":{"line":221,"column":62}},"221":{"start":{"line":222,"column":0},"end":{"line":222,"column":41}},"222":{"start":{"line":223,"column":0},"end":{"line":223,"column":134}},"223":{"start":{"line":224,"column":0},"end":{"line":224,"column":27}},"224":{"start":{"line":225,"column":0},"end":{"line":225,"column":28}},"225":{"start":{"line":226,"column":0},"end":{"line":226,"column":36}},"226":{"start":{"line":227,"column":0},"end":{"line":227,"column":37}},"227":{"start":{"line":228,"column":0},"end":{"line":228,"column":30}},"228":{"start":{"line":229,"column":0},"end":{"line":229,"column":57}},"229":{"start":{"line":230,"column":0},"end":{"line":230,"column":38}},"230":{"start":{"line":231,"column":0},"end":{"line":231,"column":19}},"231":{"start":{"line":232,"column":0},"end":{"line":232,"column":57}},"232":{"start":{"line":233,"column":0},"end":{"line":233,"column":6}},"233":{"start":{"line":234,"column":0},"end":{"line":234,"column":81}},"234":{"start":{"line":235,"column":0},"end":{"line":235,"column":46}},"235":{"start":{"line":236,"column":0},"end":{"line":236,"column":43}},"236":{"start":{"line":237,"column":0},"end":{"line":237,"column":108}},"237":{"start":{"line":238,"column":0},"end":{"line":238,"column":139}},"238":{"start":{"line":239,"column":0},"end":{"line":239,"column":5}},"239":{"start":{"line":240,"column":0},"end":{"line":240,"column":3}},"240":{"start":{"line":241,"column":0},"end":{"line":241,"column":0}},"241":{"start":{"line":242,"column":0},"end":{"line":242,"column":132}},"242":{"start":{"line":243,"column":0},"end":{"line":243,"column":0}},"243":{"start":{"line":244,"column":0},"end":{"line":244,"column":23}},"244":{"start":{"line":245,"column":0},"end":{"line":245,"column":36}},"245":{"start":{"line":246,"column":0},"end":{"line":246,"column":79}},"246":{"start":{"line":247,"column":0},"end":{"line":247,"column":40}},"247":{"start":{"line":248,"column":0},"end":{"line":248,"column":77}},"248":{"start":{"line":249,"column":0},"end":{"line":249,"column":84}},"249":{"start":{"line":250,"column":0},"end":{"line":250,"column":40}},"250":{"start":{"line":251,"column":0},"end":{"line":251,"column":114}},"251":{"start":{"line":252,"column":0},"end":{"line":252,"column":0}},"252":{"start":{"line":253,"column":0},"end":{"line":253,"column":161}},"253":{"start":{"line":254,"column":0},"end":{"line":254,"column":68}},"254":{"start":{"line":255,"column":0},"end":{"line":255,"column":0}},"255":{"start":{"line":256,"column":0},"end":{"line":256,"column":19}},"256":{"start":{"line":257,"column":0},"end":{"line":257,"column":67}},"257":{"start":{"line":258,"column":0},"end":{"line":258,"column":54}},"258":{"start":{"line":259,"column":0},"end":{"line":259,"column":170}},"259":{"start":{"line":260,"column":0},"end":{"line":260,"column":65}},"260":{"start":{"line":261,"column":0},"end":{"line":261,"column":0}},"261":{"start":{"line":262,"column":0},"end":{"line":262,"column":27}},"262":{"start":{"line":263,"column":0},"end":{"line":263,"column":60}},"263":{"start":{"line":264,"column":0},"end":{"line":264,"column":14}},"264":{"start":{"line":265,"column":0},"end":{"line":265,"column":35}},"265":{"start":{"line":266,"column":0},"end":{"line":266,"column":79}},"266":{"start":{"line":267,"column":0},"end":{"line":267,"column":106}},"267":{"start":{"line":268,"column":0},"end":{"line":268,"column":70}},"268":{"start":{"line":269,"column":0},"end":{"line":269,"column":55}},"269":{"start":{"line":270,"column":0},"end":{"line":270,"column":42}},"270":{"start":{"line":271,"column":0},"end":{"line":271,"column":96}},"271":{"start":{"line":272,"column":0},"end":{"line":272,"column":77}},"272":{"start":{"line":273,"column":0},"end":{"line":273,"column":94}},"273":{"start":{"line":274,"column":0},"end":{"line":274,"column":142}},"274":{"start":{"line":275,"column":0},"end":{"line":275,"column":3}},"275":{"start":{"line":276,"column":0},"end":{"line":276,"column":106}},"276":{"start":{"line":277,"column":0},"end":{"line":277,"column":88}},"277":{"start":{"line":278,"column":0},"end":{"line":278,"column":0}},"278":{"start":{"line":279,"column":0},"end":{"line":279,"column":63}},"279":{"start":{"line":280,"column":0},"end":{"line":280,"column":43}},"280":{"start":{"line":281,"column":0},"end":{"line":281,"column":55}},"281":{"start":{"line":282,"column":0},"end":{"line":282,"column":1}},"282":{"start":{"line":283,"column":0},"end":{"line":283,"column":0}},"283":{"start":{"line":284,"column":0},"end":{"line":284,"column":76}},"284":{"start":{"line":285,"column":0},"end":{"line":285,"column":0}},"285":{"start":{"line":286,"column":0},"end":{"line":286,"column":292}},"286":{"start":{"line":287,"column":0},"end":{"line":287,"column":40}},"287":{"start":{"line":288,"column":0},"end":{"line":288,"column":31}},"288":{"start":{"line":289,"column":0},"end":{"line":289,"column":37}},"289":{"start":{"line":290,"column":0},"end":{"line":290,"column":72}},"290":{"start":{"line":291,"column":0},"end":{"line":291,"column":58}},"291":{"start":{"line":292,"column":0},"end":{"line":292,"column":61}},"292":{"start":{"line":293,"column":0},"end":{"line":293,"column":25}},"293":{"start":{"line":294,"column":0},"end":{"line":294,"column":64}},"294":{"start":{"line":295,"column":0},"end":{"line":295,"column":106}},"295":{"start":{"line":296,"column":0},"end":{"line":296,"column":3}},"296":{"start":{"line":297,"column":0},"end":{"line":297,"column":0}},"297":{"start":{"line":298,"column":0},"end":{"line":298,"column":9}},"298":{"start":{"line":299,"column":0},"end":{"line":299,"column":26}},"299":{"start":{"line":300,"column":0},"end":{"line":300,"column":50}},"300":{"start":{"line":301,"column":0},"end":{"line":301,"column":34}},"301":{"start":{"line":302,"column":0},"end":{"line":302,"column":105}},"302":{"start":{"line":303,"column":0},"end":{"line":303,"column":34}},"303":{"start":{"line":304,"column":0},"end":{"line":304,"column":54}},"304":{"start":{"line":305,"column":0},"end":{"line":305,"column":12}},"305":{"start":{"line":306,"column":0},"end":{"line":306,"column":63}},"306":{"start":{"line":307,"column":0},"end":{"line":307,"column":16}},"307":{"start":{"line":308,"column":0},"end":{"line":308,"column":25}},"308":{"start":{"line":309,"column":0},"end":{"line":309,"column":25}},"309":{"start":{"line":310,"column":0},"end":{"line":310,"column":74}},"310":{"start":{"line":311,"column":0},"end":{"line":311,"column":46}},"311":{"start":{"line":312,"column":0},"end":{"line":312,"column":7}},"312":{"start":{"line":313,"column":0},"end":{"line":313,"column":6}},"313":{"start":{"line":314,"column":0},"end":{"line":314,"column":76}},"314":{"start":{"line":315,"column":0},"end":{"line":315,"column":51}},"315":{"start":{"line":316,"column":0},"end":{"line":316,"column":104}},"316":{"start":{"line":317,"column":0},"end":{"line":317,"column":10}},"317":{"start":{"line":318,"column":0},"end":{"line":318,"column":102}},"318":{"start":{"line":319,"column":0},"end":{"line":319,"column":61}},"319":{"start":{"line":320,"column":0},"end":{"line":320,"column":45}},"320":{"start":{"line":321,"column":0},"end":{"line":321,"column":3}},"321":{"start":{"line":322,"column":0},"end":{"line":322,"column":0}},"322":{"start":{"line":323,"column":0},"end":{"line":323,"column":37}},"323":{"start":{"line":324,"column":0},"end":{"line":324,"column":185}},"324":{"start":{"line":325,"column":0},"end":{"line":325,"column":95}},"325":{"start":{"line":326,"column":0},"end":{"line":326,"column":57}},"326":{"start":{"line":327,"column":0},"end":{"line":327,"column":4}},"327":{"start":{"line":328,"column":0},"end":{"line":328,"column":68}},"328":{"start":{"line":329,"column":0},"end":{"line":329,"column":0}},"329":{"start":{"line":330,"column":0},"end":{"line":330,"column":32}},"330":{"start":{"line":331,"column":0},"end":{"line":331,"column":87}},"331":{"start":{"line":332,"column":0},"end":{"line":332,"column":137}},"332":{"start":{"line":333,"column":0},"end":{"line":333,"column":0}},"333":{"start":{"line":334,"column":0},"end":{"line":334,"column":16}},"334":{"start":{"line":335,"column":0},"end":{"line":335,"column":57}},"335":{"start":{"line":336,"column":0},"end":{"line":336,"column":23}},"336":{"start":{"line":337,"column":0},"end":{"line":337,"column":44}},"337":{"start":{"line":338,"column":0},"end":{"line":338,"column":9}},"338":{"start":{"line":339,"column":0},"end":{"line":339,"column":32}},"339":{"start":{"line":340,"column":0},"end":{"line":340,"column":63}},"340":{"start":{"line":341,"column":0},"end":{"line":341,"column":72}},"341":{"start":{"line":342,"column":0},"end":{"line":342,"column":36}},"342":{"start":{"line":343,"column":0},"end":{"line":343,"column":49}},"343":{"start":{"line":344,"column":0},"end":{"line":344,"column":101}},"344":{"start":{"line":345,"column":0},"end":{"line":345,"column":44}},"345":{"start":{"line":346,"column":0},"end":{"line":346,"column":85}},"346":{"start":{"line":347,"column":0},"end":{"line":347,"column":71}},"347":{"start":{"line":348,"column":0},"end":{"line":348,"column":36}},"348":{"start":{"line":349,"column":0},"end":{"line":349,"column":92}},"349":{"start":{"line":350,"column":0},"end":{"line":350,"column":39}},"350":{"start":{"line":351,"column":0},"end":{"line":351,"column":89}},"351":{"start":{"line":352,"column":0},"end":{"line":352,"column":69}},"352":{"start":{"line":353,"column":0},"end":{"line":353,"column":74}},"353":{"start":{"line":354,"column":0},"end":{"line":354,"column":44}},"354":{"start":{"line":355,"column":0},"end":{"line":355,"column":86}},"355":{"start":{"line":356,"column":0},"end":{"line":356,"column":90}},"356":{"start":{"line":357,"column":0},"end":{"line":357,"column":9}},"357":{"start":{"line":358,"column":0},"end":{"line":358,"column":108}},"358":{"start":{"line":359,"column":0},"end":{"line":359,"column":106}},"359":{"start":{"line":360,"column":0},"end":{"line":360,"column":29}},"360":{"start":{"line":361,"column":0},"end":{"line":361,"column":46}},"361":{"start":{"line":362,"column":0},"end":{"line":362,"column":44}},"362":{"start":{"line":363,"column":0},"end":{"line":363,"column":105}},"363":{"start":{"line":364,"column":0},"end":{"line":364,"column":48}},"364":{"start":{"line":365,"column":0},"end":{"line":365,"column":12}},"365":{"start":{"line":366,"column":0},"end":{"line":366,"column":101}},"366":{"start":{"line":367,"column":0},"end":{"line":367,"column":9}},"367":{"start":{"line":368,"column":0},"end":{"line":368,"column":87}},"368":{"start":{"line":369,"column":0},"end":{"line":369,"column":35}},"369":{"start":{"line":370,"column":0},"end":{"line":370,"column":54}},"370":{"start":{"line":371,"column":0},"end":{"line":371,"column":53}},"371":{"start":{"line":372,"column":0},"end":{"line":372,"column":104}},"372":{"start":{"line":373,"column":0},"end":{"line":373,"column":35}},"373":{"start":{"line":374,"column":0},"end":{"line":374,"column":75}},"374":{"start":{"line":375,"column":0},"end":{"line":375,"column":72}},"375":{"start":{"line":376,"column":0},"end":{"line":376,"column":54}},"376":{"start":{"line":377,"column":0},"end":{"line":377,"column":35}},"377":{"start":{"line":378,"column":0},"end":{"line":378,"column":48}},"378":{"start":{"line":379,"column":0},"end":{"line":379,"column":82}},"379":{"start":{"line":380,"column":0},"end":{"line":380,"column":35}},"380":{"start":{"line":381,"column":0},"end":{"line":381,"column":54}},"381":{"start":{"line":382,"column":0},"end":{"line":382,"column":53}},"382":{"start":{"line":383,"column":0},"end":{"line":383,"column":127}},"383":{"start":{"line":384,"column":0},"end":{"line":384,"column":37}},"384":{"start":{"line":385,"column":0},"end":{"line":385,"column":39}},"385":{"start":{"line":386,"column":0},"end":{"line":386,"column":61}},"386":{"start":{"line":387,"column":0},"end":{"line":387,"column":42}},"387":{"start":{"line":388,"column":0},"end":{"line":388,"column":62}},"388":{"start":{"line":389,"column":0},"end":{"line":389,"column":56}},"389":{"start":{"line":390,"column":0},"end":{"line":390,"column":10}},"390":{"start":{"line":391,"column":0},"end":{"line":391,"column":104}},"391":{"start":{"line":392,"column":0},"end":{"line":392,"column":69}},"392":{"start":{"line":393,"column":0},"end":{"line":393,"column":55}},"393":{"start":{"line":394,"column":0},"end":{"line":394,"column":19}},"394":{"start":{"line":395,"column":0},"end":{"line":395,"column":42}},"395":{"start":{"line":396,"column":0},"end":{"line":396,"column":5}},"396":{"start":{"line":397,"column":0},"end":{"line":397,"column":3}},"397":{"start":{"line":398,"column":0},"end":{"line":398,"column":12}},"398":{"start":{"line":399,"column":0},"end":{"line":399,"column":19}},"399":{"start":{"line":400,"column":0},"end":{"line":400,"column":18}},"400":{"start":{"line":401,"column":0},"end":{"line":401,"column":1}},"401":{"start":{"line":402,"column":0},"end":{"line":402,"column":20}},"402":{"start":{"line":403,"column":0},"end":{"line":403,"column":0}},"403":{"start":{"line":404,"column":0},"end":{"line":404,"column":50}},"404":{"start":{"line":405,"column":0},"end":{"line":405,"column":55}},"405":{"start":{"line":406,"column":0},"end":{"line":406,"column":58}},"406":{"start":{"line":407,"column":0},"end":{"line":407,"column":82}},"407":{"start":{"line":408,"column":0},"end":{"line":408,"column":1}},"408":{"start":{"line":409,"column":0},"end":{"line":409,"column":0}},"409":{"start":{"line":410,"column":0},"end":{"line":410,"column":41}},"410":{"start":{"line":411,"column":0},"end":{"line":411,"column":55}},"411":{"start":{"line":412,"column":0},"end":{"line":412,"column":48}},"412":{"start":{"line":413,"column":0},"end":{"line":413,"column":59}},"413":{"start":{"line":414,"column":0},"end":{"line":414,"column":1}},"414":{"start":{"line":415,"column":0},"end":{"line":415,"column":0}},"415":{"start":{"line":416,"column":0},"end":{"line":416,"column":57}},"416":{"start":{"line":417,"column":0},"end":{"line":417,"column":20}},"417":{"start":{"line":418,"column":0},"end":{"line":418,"column":33}},"418":{"start":{"line":419,"column":0},"end":{"line":419,"column":73}},"419":{"start":{"line":420,"column":0},"end":{"line":420,"column":118}},"420":{"start":{"line":421,"column":0},"end":{"line":421,"column":219}},"421":{"start":{"line":422,"column":0},"end":{"line":422,"column":61}},"422":{"start":{"line":423,"column":0},"end":{"line":423,"column":96}},"423":{"start":{"line":424,"column":0},"end":{"line":424,"column":161}},"424":{"start":{"line":425,"column":0},"end":{"line":425,"column":100}},"425":{"start":{"line":426,"column":0},"end":{"line":426,"column":168}},"426":{"start":{"line":427,"column":0},"end":{"line":427,"column":3}},"427":{"start":{"line":428,"column":0},"end":{"line":428,"column":117}},"428":{"start":{"line":429,"column":0},"end":{"line":429,"column":130}},"429":{"start":{"line":430,"column":0},"end":{"line":430,"column":92}},"430":{"start":{"line":431,"column":0},"end":{"line":431,"column":1}},"431":{"start":{"line":432,"column":0},"end":{"line":432,"column":0}},"432":{"start":{"line":433,"column":0},"end":{"line":433,"column":77}},"433":{"start":{"line":434,"column":0},"end":{"line":434,"column":0}},"434":{"start":{"line":435,"column":0},"end":{"line":435,"column":223}},"435":{"start":{"line":436,"column":0},"end":{"line":436,"column":24}},"436":{"start":{"line":437,"column":0},"end":{"line":437,"column":47}},"437":{"start":{"line":438,"column":0},"end":{"line":438,"column":27}},"438":{"start":{"line":439,"column":0},"end":{"line":439,"column":0}},"439":{"start":{"line":440,"column":0},"end":{"line":440,"column":7}},"440":{"start":{"line":441,"column":0},"end":{"line":441,"column":29}},"441":{"start":{"line":442,"column":0},"end":{"line":442,"column":25}},"442":{"start":{"line":443,"column":0},"end":{"line":443,"column":21}},"443":{"start":{"line":444,"column":0},"end":{"line":444,"column":38}},"444":{"start":{"line":445,"column":0},"end":{"line":445,"column":38}},"445":{"start":{"line":446,"column":0},"end":{"line":446,"column":21}},"446":{"start":{"line":447,"column":0},"end":{"line":447,"column":36}},"447":{"start":{"line":448,"column":0},"end":{"line":448,"column":85}},"448":{"start":{"line":449,"column":0},"end":{"line":449,"column":36}},"449":{"start":{"line":450,"column":0},"end":{"line":450,"column":21}},"450":{"start":{"line":451,"column":0},"end":{"line":451,"column":12}},"451":{"start":{"line":452,"column":0},"end":{"line":452,"column":101}},"452":{"start":{"line":453,"column":0},"end":{"line":453,"column":108}},"453":{"start":{"line":454,"column":0},"end":{"line":454,"column":97}},"454":{"start":{"line":455,"column":0},"end":{"line":455,"column":89}},"455":{"start":{"line":456,"column":0},"end":{"line":456,"column":118}},"456":{"start":{"line":457,"column":0},"end":{"line":457,"column":89}},"457":{"start":{"line":458,"column":0},"end":{"line":458,"column":95}},"458":{"start":{"line":459,"column":0},"end":{"line":459,"column":35}},"459":{"start":{"line":460,"column":0},"end":{"line":460,"column":5}},"460":{"start":{"line":461,"column":0},"end":{"line":461,"column":17}},"461":{"start":{"line":462,"column":0},"end":{"line":462,"column":44}},"462":{"start":{"line":463,"column":0},"end":{"line":463,"column":19}},"463":{"start":{"line":464,"column":0},"end":{"line":464,"column":3}},"464":{"start":{"line":465,"column":0},"end":{"line":465,"column":1}},"465":{"start":{"line":466,"column":0},"end":{"line":466,"column":0}},"466":{"start":{"line":467,"column":0},"end":{"line":467,"column":95}},"467":{"start":{"line":468,"column":0},"end":{"line":468,"column":20}}},"s":{"0":2,"1":2,"2":2,"3":2,"4":2,"5":2,"6":2,"7":2,"8":2,"9":2,"10":2,"11":2,"12":2,"13":2,"14":2,"15":2,"16":2,"17":2,"18":2,"19":2,"20":2,"21":2,"22":2,"23":2,"24":2,"25":2,"26":2,"27":2,"28":2,"29":2,"30":2,"31":2,"32":2,"33":2,"34":2,"35":2,"36":2,"37":2,"38":2,"39":24,"40":24,"41":24,"42":2,"43":6,"44":6,"45":6,"46":2,"47":2,"48":1,"49":1,"50":4,"51":4,"52":1,"53":4,"54":1,"55":1,"56":2,"57":36,"58":36,"59":36,"60":36,"61":36,"62":36,"63":36,"64":2,"65":47,"66":47,"67":47,"68":2,"69":31,"70":31,"71":41,"72":41,"73":41,"74":10,"75":10,"76":1,"77":1,"78":1,"79":31,"80":2,"81":2,"82":2,"83":2,"84":6,"85":6,"86":6,"87":6,"88":6,"89":6,"90":6,"91":6,"92":6,"93":6,"94":6,"95":6,"96":6,"97":6,"98":6,"99":6,"100":6,"101":6,"102":6,"103":6,"104":6,"105":6,"106":6,"107":6,"108":6,"109":6,"110":6,"111":6,"112":6,"113":6,"114":6,"115":6,"116":6,"117":6,"118":6,"119":6,"120":6,"121":6,"122":6,"123":6,"124":6,"125":6,"126":6,"127":6,"128":6,"129":6,"130":6,"131":6,"132":6,"133":6,"134":6,"135":6,"136":6,"137":6,"138":6,"139":6,"140":6,"141":6,"142":6,"143":6,"144":18,"145":18,"146":18,"147":18,"148":18,"149":18,"150":18,"151":6,"152":6,"153":6,"154":6,"155":6,"156":6,"157":6,"158":6,"159":6,"160":6,"161":6,"162":6,"163":6,"164":5,"165":5,"166":6,"167":6,"168":6,"169":6,"170":6,"171":1,"172":1,"173":1,"174":1,"175":6,"176":6,"177":6,"178":6,"179":6,"180":6,"181":6,"182":6,"183":6,"184":6,"185":6,"186":6,"187":6,"188":6,"189":6,"190":6,"191":6,"192":6,"193":6,"194":6,"195":6,"196":6,"197":6,"198":6,"199":6,"200":6,"201":6,"202":6,"203":6,"204":6,"205":6,"206":6,"207":3,"208":3,"209":6,"210":6,"211":6,"212":6,"213":6,"214":6,"215":6,"216":6,"217":6,"218":6,"219":6,"220":6,"221":6,"222":6,"223":6,"224":24,"225":24,"226":24,"227":23,"228":23,"229":23,"230":23,"231":23,"232":23,"233":23,"234":23,"235":23,"236":23,"237":23,"238":23,"239":23,"240":6,"241":6,"242":6,"243":6,"244":6,"245":6,"246":6,"247":6,"248":6,"249":6,"250":6,"251":6,"252":6,"253":6,"254":6,"255":6,"256":6,"257":6,"258":6,"259":6,"260":6,"261":6,"262":6,"263":6,"264":5,"265":5,"266":6,"267":6,"268":24,"269":24,"270":24,"271":24,"272":24,"273":24,"274":24,"275":6,"276":6,"277":6,"278":6,"279":6,"280":6,"281":6,"282":2,"283":2,"284":2,"285":1,"286":1,"287":1,"288":1,"289":1,"290":1,"291":1,"292":1,"293":1,"294":1,"295":1,"296":1,"297":1,"298":1,"299":1,"300":1,"301":1,"302":1,"303":1,"304":1,"305":1,"306":1,"307":1,"308":1,"309":1,"310":1,"311":1,"312":1,"313":1,"314":1,"315":1,"316":1,"317":1,"318":1,"319":1,"320":1,"321":1,"322":1,"323":1,"324":1,"325":1,"326":1,"327":1,"328":1,"329":1,"330":1,"331":1,"332":1,"333":1,"334":1,"335":1,"336":1,"337":1,"338":1,"339":1,"340":1,"341":1,"342":1,"343":1,"344":1,"345":1,"346":1,"347":1,"348":1,"349":1,"350":1,"351":1,"352":1,"353":1,"354":1,"355":1,"356":1,"357":1,"358":1,"359":1,"360":1,"361":1,"362":1,"363":1,"364":1,"365":1,"366":1,"367":1,"368":1,"369":1,"370":1,"371":1,"372":1,"373":1,"374":1,"375":1,"376":1,"377":1,"378":1,"379":1,"380":1,"381":1,"382":1,"383":1,"384":1,"385":1,"386":1,"387":1,"388":1,"389":1,"390":1,"391":1,"392":1,"393":1,"394":1,"395":1,"396":1,"397":1,"398":1,"399":1,"400":1,"401":1,"402":2,"403":2,"404":2,"405":3,"406":2,"407":3,"408":2,"409":2,"410":3,"411":3,"412":1,"413":3,"414":2,"415":2,"416":4,"417":4,"418":4,"419":3,"420":4,"421":4,"422":5,"423":5,"424":5,"425":5,"426":5,"427":4,"428":4,"429":3,"430":4,"431":2,"432":2,"433":2,"434":1,"435":1,"436":1,"437":1,"438":1,"439":1,"440":1,"441":1,"442":1,"443":1,"444":1,"445":1,"446":1,"447":1,"448":1,"449":1,"450":1,"451":1,"452":1,"453":1,"454":1,"455":1,"456":1,"457":1,"458":1,"459":1,"460":1,"461":1,"462":1,"463":1,"464":1,"465":1,"466":1,"467":1},"branchMap":{"0":{"type":"branch","line":1,"loc":{"start":{"line":1,"column":0},"end":{"line":468,"column":20}},"locations":[{"start":{"line":1,"column":0},"end":{"line":468,"column":20}}]},"1":{"type":"branch","line":467,"loc":{"start":{"line":467,"column":89},"end":{"line":467,"column":95}},"locations":[{"start":{"line":467,"column":89},"end":{"line":467,"column":95}}]},"2":{"type":"branch","line":32,"loc":{"start":{"line":32,"column":14},"end":{"line":32,"column":77}},"locations":[{"start":{"line":32,"column":14},"end":{"line":32,"column":77}}]},"3":{"type":"branch","line":32,"loc":{"start":{"line":32,"column":39},"end":{"line":32,"column":45}},"locations":[{"start":{"line":32,"column":39},"end":{"line":32,"column":45}}]},"4":{"type":"branch","line":32,"loc":{"start":{"line":32,"column":46},"end":{"line":32,"column":77}},"locations":[{"start":{"line":32,"column":46},"end":{"line":32,"column":77}}]},"5":{"type":"branch","line":33,"loc":{"start":{"line":33,"column":13},"end":{"line":33,"column":29}},"locations":[{"start":{"line":33,"column":13},"end":{"line":33,"column":29}}]},"6":{"type":"branch","line":34,"loc":{"start":{"line":34,"column":12},"end":{"line":34,"column":28}},"locations":[{"start":{"line":34,"column":12},"end":{"line":34,"column":28}}]},"7":{"type":"branch","line":35,"loc":{"start":{"line":35,"column":13},"end":{"line":35,"column":30}},"locations":[{"start":{"line":35,"column":13},"end":{"line":35,"column":30}}]},"8":{"type":"branch","line":36,"loc":{"start":{"line":36,"column":14},"end":{"line":36,"column":31}},"locations":[{"start":{"line":36,"column":14},"end":{"line":36,"column":31}}]},"9":{"type":"branch","line":37,"loc":{"start":{"line":37,"column":13},"end":{"line":37,"column":30}},"locations":[{"start":{"line":37,"column":13},"end":{"line":37,"column":30}}]},"10":{"type":"branch","line":38,"loc":{"start":{"line":38,"column":12},"end":{"line":38,"column":29}},"locations":[{"start":{"line":38,"column":12},"end":{"line":38,"column":29}}]},"11":{"type":"branch","line":40,"loc":{"start":{"line":40,"column":0},"end":{"line":42,"column":1}},"locations":[{"start":{"line":40,"column":0},"end":{"line":42,"column":1}}]},"12":{"type":"branch","line":44,"loc":{"start":{"line":44,"column":0},"end":{"line":46,"column":1}},"locations":[{"start":{"line":44,"column":0},"end":{"line":46,"column":1}}]},"13":{"type":"branch","line":48,"loc":{"start":{"line":48,"column":7},"end":{"line":56,"column":1}},"locations":[{"start":{"line":48,"column":7},"end":{"line":56,"column":1}}]},"14":{"type":"branch","line":50,"loc":{"start":{"line":50,"column":40},"end":{"line":54,"column":3}},"locations":[{"start":{"line":50,"column":40},"end":{"line":54,"column":3}}]},"15":{"type":"branch","line":52,"loc":{"start":{"line":52,"column":30},"end":{"line":52,"column":127}},"locations":[{"start":{"line":52,"column":30},"end":{"line":52,"column":127}}]},"16":{"type":"branch","line":52,"loc":{"start":{"line":52,"column":77},"end":{"line":52,"column":108}},"locations":[{"start":{"line":52,"column":77},"end":{"line":52,"column":108}}]},"17":{"type":"branch","line":52,"loc":{"start":{"line":52,"column":109},"end":{"line":52,"column":115}},"locations":[{"start":{"line":52,"column":109},"end":{"line":52,"column":115}}]},"18":{"type":"branch","line":52,"loc":{"start":{"line":52,"column":116},"end":{"line":52,"column":127}},"locations":[{"start":{"line":52,"column":116},"end":{"line":52,"column":127}}]},"19":{"type":"branch","line":53,"loc":{"start":{"line":53,"column":-1},"end":{"line":53,"column":25}},"locations":[{"start":{"line":53,"column":-1},"end":{"line":53,"column":25}}]},"20":{"type":"branch","line":58,"loc":{"start":{"line":58,"column":0},"end":{"line":64,"column":1}},"locations":[{"start":{"line":58,"column":0},"end":{"line":64,"column":1}}]},"21":{"type":"branch","line":66,"loc":{"start":{"line":66,"column":0},"end":{"line":68,"column":1}},"locations":[{"start":{"line":66,"column":0},"end":{"line":68,"column":1}}]},"22":{"type":"branch","line":67,"loc":{"start":{"line":67,"column":26},"end":{"line":67,"column":44}},"locations":[{"start":{"line":67,"column":26},"end":{"line":67,"column":44}}]},"23":{"type":"branch","line":70,"loc":{"start":{"line":70,"column":0},"end":{"line":80,"column":1}},"locations":[{"start":{"line":70,"column":0},"end":{"line":80,"column":1}}]},"24":{"type":"branch","line":71,"loc":{"start":{"line":71,"column":34},"end":{"line":76,"column":3}},"locations":[{"start":{"line":71,"column":34},"end":{"line":76,"column":3}}]},"25":{"type":"branch","line":74,"loc":{"start":{"line":74,"column":26},"end":{"line":74,"column":38}},"locations":[{"start":{"line":74,"column":26},"end":{"line":74,"column":38}}]},"26":{"type":"branch","line":75,"loc":{"start":{"line":75,"column":-1},"end":{"line":76,"column":3}},"locations":[{"start":{"line":75,"column":-1},"end":{"line":76,"column":3}}]},"27":{"type":"branch","line":77,"loc":{"start":{"line":77,"column":-1},"end":{"line":78,"column":33}},"locations":[{"start":{"line":77,"column":-1},"end":{"line":78,"column":33}}]},"28":{"type":"branch","line":79,"loc":{"start":{"line":79,"column":-1},"end":{"line":80,"column":0}},"locations":[{"start":{"line":79,"column":-1},"end":{"line":80,"column":0}}]},"29":{"type":"branch","line":75,"loc":{"start":{"line":75,"column":22},"end":{"line":75,"column":56}},"locations":[{"start":{"line":75,"column":22},"end":{"line":75,"column":56}}]},"30":{"type":"branch","line":84,"loc":{"start":{"line":84,"column":7},"end":{"line":282,"column":1}},"locations":[{"start":{"line":84,"column":7},"end":{"line":282,"column":1}}]},"31":{"type":"branch","line":86,"loc":{"start":{"line":86,"column":31},"end":{"line":86,"column":43}},"locations":[{"start":{"line":86,"column":31},"end":{"line":86,"column":43}}]},"32":{"type":"branch","line":92,"loc":{"start":{"line":92,"column":61},"end":{"line":92,"column":83}},"locations":[{"start":{"line":92,"column":61},"end":{"line":92,"column":83}}]},"33":{"type":"branch","line":128,"loc":{"start":{"line":128,"column":46},"end":{"line":128,"column":53}},"locations":[{"start":{"line":128,"column":46},"end":{"line":128,"column":53}}]},"34":{"type":"branch","line":131,"loc":{"start":{"line":131,"column":47},"end":{"line":131,"column":92}},"locations":[{"start":{"line":131,"column":47},"end":{"line":131,"column":92}}]},"35":{"type":"branch","line":144,"loc":{"start":{"line":144,"column":30},"end":{"line":151,"column":3}},"locations":[{"start":{"line":144,"column":30},"end":{"line":151,"column":3}}]},"36":{"type":"branch","line":154,"loc":{"start":{"line":154,"column":173},"end":{"line":154,"column":180}},"locations":[{"start":{"line":154,"column":173},"end":{"line":154,"column":180}}]},"37":{"type":"branch","line":160,"loc":{"start":{"line":160,"column":22},"end":{"line":160,"column":36}},"locations":[{"start":{"line":160,"column":22},"end":{"line":160,"column":36}}]},"38":{"type":"branch","line":171,"loc":{"start":{"line":171,"column":17},"end":{"line":175,"column":3}},"locations":[{"start":{"line":171,"column":17},"end":{"line":175,"column":3}}]},"39":{"type":"branch","line":177,"loc":{"start":{"line":177,"column":33},"end":{"line":177,"column":36}},"locations":[{"start":{"line":177,"column":33},"end":{"line":177,"column":36}}]},"40":{"type":"branch","line":177,"loc":{"start":{"line":177,"column":37},"end":{"line":177,"column":40}},"locations":[{"start":{"line":177,"column":37},"end":{"line":177,"column":40}}]},"41":{"type":"branch","line":192,"loc":{"start":{"line":192,"column":28},"end":{"line":192,"column":74}},"locations":[{"start":{"line":192,"column":28},"end":{"line":192,"column":74}}]},"42":{"type":"branch","line":192,"loc":{"start":{"line":192,"column":75},"end":{"line":192,"column":97}},"locations":[{"start":{"line":192,"column":75},"end":{"line":192,"column":97}}]},"43":{"type":"branch","line":201,"loc":{"start":{"line":201,"column":115},"end":{"line":201,"column":141}},"locations":[{"start":{"line":201,"column":115},"end":{"line":201,"column":141}}]},"44":{"type":"branch","line":202,"loc":{"start":{"line":202,"column":49},"end":{"line":202,"column":106}},"locations":[{"start":{"line":202,"column":49},"end":{"line":202,"column":106}}]},"45":{"type":"branch","line":205,"loc":{"start":{"line":205,"column":43},"end":{"line":205,"column":54}},"locations":[{"start":{"line":205,"column":43},"end":{"line":205,"column":54}}]},"46":{"type":"branch","line":206,"loc":{"start":{"line":206,"column":4},"end":{"line":206,"column":50}},"locations":[{"start":{"line":206,"column":4},"end":{"line":206,"column":50}}]},"47":{"type":"branch","line":207,"loc":{"start":{"line":207,"column":4},"end":{"line":209,"column":22}},"locations":[{"start":{"line":207,"column":4},"end":{"line":209,"column":22}}]},"48":{"type":"branch","line":208,"loc":{"start":{"line":208,"column":6},"end":{"line":208,"column":28}},"locations":[{"start":{"line":208,"column":6},"end":{"line":208,"column":28}}]},"49":{"type":"branch","line":209,"loc":{"start":{"line":209,"column":6},"end":{"line":209,"column":22}},"locations":[{"start":{"line":209,"column":6},"end":{"line":209,"column":22}}]},"50":{"type":"branch","line":224,"loc":{"start":{"line":224,"column":26},"end":{"line":240,"column":3}},"locations":[{"start":{"line":224,"column":26},"end":{"line":240,"column":3}}]},"51":{"type":"branch","line":227,"loc":{"start":{"line":227,"column":29},"end":{"line":227,"column":37}},"locations":[{"start":{"line":227,"column":29},"end":{"line":227,"column":37}}]},"52":{"type":"branch","line":228,"loc":{"start":{"line":228,"column":-1},"end":{"line":240,"column":3}},"locations":[{"start":{"line":228,"column":-1},"end":{"line":240,"column":3}}]},"53":{"type":"branch","line":237,"loc":{"start":{"line":237,"column":42},"end":{"line":237,"column":63}},"locations":[{"start":{"line":237,"column":42},"end":{"line":237,"column":63}}]},"54":{"type":"branch","line":237,"loc":{"start":{"line":237,"column":64},"end":{"line":237,"column":108}},"locations":[{"start":{"line":237,"column":64},"end":{"line":237,"column":108}}]},"55":{"type":"branch","line":249,"loc":{"start":{"line":249,"column":29},"end":{"line":249,"column":84}},"locations":[{"start":{"line":249,"column":29},"end":{"line":249,"column":84}}]},"56":{"type":"branch","line":250,"loc":{"start":{"line":250,"column":33},"end":{"line":250,"column":36}},"locations":[{"start":{"line":250,"column":33},"end":{"line":250,"column":36}}]},"57":{"type":"branch","line":250,"loc":{"start":{"line":250,"column":37},"end":{"line":250,"column":40}},"locations":[{"start":{"line":250,"column":37},"end":{"line":250,"column":40}}]},"58":{"type":"branch","line":251,"loc":{"start":{"line":251,"column":32},"end":{"line":251,"column":106}},"locations":[{"start":{"line":251,"column":32},"end":{"line":251,"column":106}}]},"59":{"type":"branch","line":251,"loc":{"start":{"line":251,"column":107},"end":{"line":251,"column":110}},"locations":[{"start":{"line":251,"column":107},"end":{"line":251,"column":110}}]},"60":{"type":"branch","line":251,"loc":{"start":{"line":251,"column":111},"end":{"line":251,"column":114}},"locations":[{"start":{"line":251,"column":111},"end":{"line":251,"column":114}}]},"61":{"type":"branch","line":253,"loc":{"start":{"line":253,"column":141},"end":{"line":253,"column":158}},"locations":[{"start":{"line":253,"column":141},"end":{"line":253,"column":158}}]},"62":{"type":"branch","line":254,"loc":{"start":{"line":254,"column":22},"end":{"line":254,"column":68}},"locations":[{"start":{"line":254,"column":22},"end":{"line":254,"column":68}}]},"63":{"type":"branch","line":257,"loc":{"start":{"line":257,"column":26},"end":{"line":257,"column":67}},"locations":[{"start":{"line":257,"column":26},"end":{"line":257,"column":67}}]},"64":{"type":"branch","line":259,"loc":{"start":{"line":259,"column":148},"end":{"line":259,"column":167}},"locations":[{"start":{"line":259,"column":148},"end":{"line":259,"column":167}}]},"65":{"type":"branch","line":260,"loc":{"start":{"line":260,"column":18},"end":{"line":260,"column":65}},"locations":[{"start":{"line":260,"column":18},"end":{"line":260,"column":65}}]},"66":{"type":"branch","line":263,"loc":{"start":{"line":263,"column":4},"end":{"line":263,"column":60}},"locations":[{"start":{"line":263,"column":4},"end":{"line":263,"column":60}}]},"67":{"type":"branch","line":264,"loc":{"start":{"line":264,"column":4},"end":{"line":266,"column":79}},"locations":[{"start":{"line":264,"column":4},"end":{"line":266,"column":79}}]},"68":{"type":"branch","line":265,"loc":{"start":{"line":265,"column":6},"end":{"line":265,"column":35}},"locations":[{"start":{"line":265,"column":6},"end":{"line":265,"column":35}}]},"69":{"type":"branch","line":266,"loc":{"start":{"line":266,"column":6},"end":{"line":266,"column":79}},"locations":[{"start":{"line":266,"column":6},"end":{"line":266,"column":79}}]},"70":{"type":"branch","line":266,"loc":{"start":{"line":266,"column":65},"end":{"line":266,"column":69}},"locations":[{"start":{"line":266,"column":65},"end":{"line":266,"column":69}}]},"71":{"type":"branch","line":268,"loc":{"start":{"line":268,"column":69},"end":{"line":275,"column":3}},"locations":[{"start":{"line":268,"column":69},"end":{"line":275,"column":3}}]},"72":{"type":"branch","line":271,"loc":{"start":{"line":271,"column":35},"end":{"line":271,"column":41}},"locations":[{"start":{"line":271,"column":35},"end":{"line":271,"column":41}}]},"73":{"type":"branch","line":271,"loc":{"start":{"line":271,"column":42},"end":{"line":271,"column":96}},"locations":[{"start":{"line":271,"column":42},"end":{"line":271,"column":96}}]},"74":{"type":"branch","line":271,"loc":{"start":{"line":271,"column":55},"end":{"line":271,"column":60}},"locations":[{"start":{"line":271,"column":55},"end":{"line":271,"column":60}}]},"75":{"type":"branch","line":271,"loc":{"start":{"line":271,"column":61},"end":{"line":271,"column":66}},"locations":[{"start":{"line":271,"column":61},"end":{"line":271,"column":66}}]},"76":{"type":"branch","line":272,"loc":{"start":{"line":272,"column":44},"end":{"line":272,"column":58}},"locations":[{"start":{"line":272,"column":44},"end":{"line":272,"column":58}}]},"77":{"type":"branch","line":272,"loc":{"start":{"line":272,"column":59},"end":{"line":272,"column":77}},"locations":[{"start":{"line":272,"column":59},"end":{"line":272,"column":77}}]},"78":{"type":"branch","line":273,"loc":{"start":{"line":273,"column":38},"end":{"line":273,"column":57}},"locations":[{"start":{"line":273,"column":38},"end":{"line":273,"column":57}}]},"79":{"type":"branch","line":273,"loc":{"start":{"line":273,"column":58},"end":{"line":273,"column":94}},"locations":[{"start":{"line":273,"column":58},"end":{"line":273,"column":94}}]},"80":{"type":"branch","line":274,"loc":{"start":{"line":274,"column":73},"end":{"line":274,"column":76}},"locations":[{"start":{"line":274,"column":73},"end":{"line":274,"column":76}}]},"81":{"type":"branch","line":274,"loc":{"start":{"line":274,"column":77},"end":{"line":274,"column":81}},"locations":[{"start":{"line":274,"column":77},"end":{"line":274,"column":81}}]},"82":{"type":"branch","line":279,"loc":{"start":{"line":279,"column":47},"end":{"line":279,"column":63}},"locations":[{"start":{"line":279,"column":47},"end":{"line":279,"column":63}}]},"83":{"type":"branch","line":280,"loc":{"start":{"line":280,"column":26},"end":{"line":280,"column":43}},"locations":[{"start":{"line":280,"column":26},"end":{"line":280,"column":43}}]},"84":{"type":"branch","line":137,"loc":{"start":{"line":137,"column":25},"end":{"line":137,"column":65}},"locations":[{"start":{"line":137,"column":25},"end":{"line":137,"column":65}}]},"85":{"type":"branch","line":162,"loc":{"start":{"line":162,"column":20},"end":{"line":162,"column":64}},"locations":[{"start":{"line":162,"column":20},"end":{"line":162,"column":64}}]},"86":{"type":"branch","line":163,"loc":{"start":{"line":163,"column":23},"end":{"line":163,"column":147}},"locations":[{"start":{"line":163,"column":23},"end":{"line":163,"column":147}}]},"87":{"type":"branch","line":163,"loc":{"start":{"line":163,"column":110},"end":{"line":163,"column":121}},"locations":[{"start":{"line":163,"column":110},"end":{"line":163,"column":121}}]},"88":{"type":"branch","line":163,"loc":{"start":{"line":163,"column":122},"end":{"line":163,"column":142}},"locations":[{"start":{"line":163,"column":122},"end":{"line":163,"column":142}}]},"89":{"type":"branch","line":164,"loc":{"start":{"line":164,"column":22},"end":{"line":167,"column":3}},"locations":[{"start":{"line":164,"column":22},"end":{"line":167,"column":3}}]},"90":{"type":"branch","line":165,"loc":{"start":{"line":165,"column":22},"end":{"line":165,"column":62}},"locations":[{"start":{"line":165,"column":22},"end":{"line":165,"column":62}}]},"91":{"type":"branch","line":168,"loc":{"start":{"line":168,"column":20},"end":{"line":168,"column":173}},"locations":[{"start":{"line":168,"column":20},"end":{"line":168,"column":173}}]},"92":{"type":"branch","line":172,"loc":{"start":{"line":172,"column":27},"end":{"line":172,"column":50}},"locations":[{"start":{"line":172,"column":27},"end":{"line":172,"column":50}}]},"93":{"type":"branch","line":178,"loc":{"start":{"line":178,"column":41},"end":{"line":178,"column":91}},"locations":[{"start":{"line":178,"column":41},"end":{"line":178,"column":91}}]},"94":{"type":"branch","line":179,"loc":{"start":{"line":179,"column":54},"end":{"line":179,"column":88}},"locations":[{"start":{"line":179,"column":54},"end":{"line":179,"column":88}}]},"95":{"type":"branch","line":186,"loc":{"start":{"line":186,"column":22},"end":{"line":186,"column":66}},"locations":[{"start":{"line":186,"column":22},"end":{"line":186,"column":66}}]},"96":{"type":"branch","line":196,"loc":{"start":{"line":196,"column":4},"end":{"line":196,"column":26}},"locations":[{"start":{"line":196,"column":4},"end":{"line":196,"column":26}}]},"97":{"type":"branch","line":200,"loc":{"start":{"line":200,"column":50},"end":{"line":200,"column":108}},"locations":[{"start":{"line":200,"column":50},"end":{"line":200,"column":108}}]},"98":{"type":"branch","line":200,"loc":{"start":{"line":200,"column":73},"end":{"line":200,"column":81}},"locations":[{"start":{"line":200,"column":73},"end":{"line":200,"column":81}}]},"99":{"type":"branch","line":200,"loc":{"start":{"line":200,"column":82},"end":{"line":200,"column":108}},"locations":[{"start":{"line":200,"column":82},"end":{"line":200,"column":108}}]},"100":{"type":"branch","line":216,"loc":{"start":{"line":216,"column":44},"end":{"line":216,"column":66}},"locations":[{"start":{"line":216,"column":44},"end":{"line":216,"column":66}}]},"101":{"type":"branch","line":217,"loc":{"start":{"line":217,"column":51},"end":{"line":217,"column":107}},"locations":[{"start":{"line":217,"column":51},"end":{"line":217,"column":107}}]},"102":{"type":"branch","line":217,"loc":{"start":{"line":217,"column":74},"end":{"line":217,"column":107}},"locations":[{"start":{"line":217,"column":74},"end":{"line":217,"column":107}}]},"103":{"type":"branch","line":232,"loc":{"start":{"line":232,"column":22},"end":{"line":232,"column":57}},"locations":[{"start":{"line":232,"column":22},"end":{"line":232,"column":57}}]},"104":{"type":"branch","line":242,"loc":{"start":{"line":242,"column":41},"end":{"line":242,"column":112}},"locations":[{"start":{"line":242,"column":41},"end":{"line":242,"column":112}}]},"105":{"type":"branch","line":246,"loc":{"start":{"line":246,"column":60},"end":{"line":246,"column":75}},"locations":[{"start":{"line":246,"column":60},"end":{"line":246,"column":75}}]},"106":{"type":"branch","line":248,"loc":{"start":{"line":248,"column":45},"end":{"line":248,"column":76}},"locations":[{"start":{"line":248,"column":45},"end":{"line":248,"column":76}}]},"107":{"type":"branch","line":251,"loc":{"start":{"line":251,"column":63},"end":{"line":251,"column":105}},"locations":[{"start":{"line":251,"column":63},"end":{"line":251,"column":105}}]},"108":{"type":"branch","line":258,"loc":{"start":{"line":258,"column":33},"end":{"line":258,"column":53}},"locations":[{"start":{"line":258,"column":33},"end":{"line":258,"column":53}}]},"109":{"type":"branch","line":405,"loc":{"start":{"line":405,"column":7},"end":{"line":408,"column":1}},"locations":[{"start":{"line":405,"column":7},"end":{"line":408,"column":1}}]},"110":{"type":"branch","line":406,"loc":{"start":{"line":406,"column":11},"end":{"line":406,"column":15}},"locations":[{"start":{"line":406,"column":11},"end":{"line":406,"column":15}}]},"111":{"type":"branch","line":406,"loc":{"start":{"line":406,"column":17},"end":{"line":406,"column":58}},"locations":[{"start":{"line":406,"column":17},"end":{"line":406,"column":58}}]},"112":{"type":"branch","line":407,"loc":{"start":{"line":407,"column":-1},"end":{"line":407,"column":82}},"locations":[{"start":{"line":407,"column":-1},"end":{"line":407,"column":82}}]},"113":{"type":"branch","line":407,"loc":{"start":{"line":407,"column":57},"end":{"line":407,"column":65}},"locations":[{"start":{"line":407,"column":57},"end":{"line":407,"column":65}}]},"114":{"type":"branch","line":407,"loc":{"start":{"line":407,"column":66},"end":{"line":407,"column":78}},"locations":[{"start":{"line":407,"column":66},"end":{"line":407,"column":78}}]},"115":{"type":"branch","line":410,"loc":{"start":{"line":410,"column":7},"end":{"line":414,"column":1}},"locations":[{"start":{"line":410,"column":7},"end":{"line":414,"column":1}}]},"116":{"type":"branch","line":411,"loc":{"start":{"line":411,"column":49},"end":{"line":411,"column":54}},"locations":[{"start":{"line":411,"column":49},"end":{"line":411,"column":54}}]},"117":{"type":"branch","line":412,"loc":{"start":{"line":412,"column":14},"end":{"line":412,"column":48}},"locations":[{"start":{"line":412,"column":14},"end":{"line":412,"column":48}}]},"118":{"type":"branch","line":413,"loc":{"start":{"line":413,"column":-1},"end":{"line":414,"column":0}},"locations":[{"start":{"line":413,"column":-1},"end":{"line":414,"column":0}}]},"119":{"type":"branch","line":416,"loc":{"start":{"line":416,"column":7},"end":{"line":431,"column":1}},"locations":[{"start":{"line":416,"column":7},"end":{"line":431,"column":1}}]},"120":{"type":"branch","line":419,"loc":{"start":{"line":419,"column":18},"end":{"line":419,"column":73}},"locations":[{"start":{"line":419,"column":18},"end":{"line":419,"column":73}}]},"121":{"type":"branch","line":420,"loc":{"start":{"line":420,"column":-1},"end":{"line":421,"column":90}},"locations":[{"start":{"line":420,"column":-1},"end":{"line":421,"column":90}}]},"122":{"type":"branch","line":421,"loc":{"start":{"line":421,"column":90},"end":{"line":421,"column":107}},"locations":[{"start":{"line":421,"column":90},"end":{"line":421,"column":107}}]},"123":{"type":"branch","line":421,"loc":{"start":{"line":421,"column":108},"end":{"line":421,"column":135}},"locations":[{"start":{"line":421,"column":108},"end":{"line":421,"column":135}}]},"124":{"type":"branch","line":421,"loc":{"start":{"line":421,"column":151},"end":{"line":421,"column":211}},"locations":[{"start":{"line":421,"column":151},"end":{"line":421,"column":211}}]},"125":{"type":"branch","line":421,"loc":{"start":{"line":421,"column":212},"end":{"line":421,"column":216}},"locations":[{"start":{"line":421,"column":212},"end":{"line":421,"column":216}}]},"126":{"type":"branch","line":422,"loc":{"start":{"line":422,"column":60},"end":{"line":427,"column":3}},"locations":[{"start":{"line":422,"column":60},"end":{"line":427,"column":3}}]},"127":{"type":"branch","line":423,"loc":{"start":{"line":423,"column":35},"end":{"line":423,"column":81}},"locations":[{"start":{"line":423,"column":35},"end":{"line":423,"column":81}}]},"128":{"type":"branch","line":423,"loc":{"start":{"line":423,"column":82},"end":{"line":423,"column":96}},"locations":[{"start":{"line":423,"column":82},"end":{"line":423,"column":96}}]},"129":{"type":"branch","line":424,"loc":{"start":{"line":424,"column":33},"end":{"line":424,"column":149}},"locations":[{"start":{"line":424,"column":33},"end":{"line":424,"column":149}}]},"130":{"type":"branch","line":424,"loc":{"start":{"line":424,"column":49},"end":{"line":424,"column":72}},"locations":[{"start":{"line":424,"column":49},"end":{"line":424,"column":72}}]},"131":{"type":"branch","line":424,"loc":{"start":{"line":424,"column":73},"end":{"line":424,"column":129}},"locations":[{"start":{"line":424,"column":73},"end":{"line":424,"column":129}}]},"132":{"type":"branch","line":424,"loc":{"start":{"line":424,"column":130},"end":{"line":424,"column":148}},"locations":[{"start":{"line":424,"column":130},"end":{"line":424,"column":148}}]},"133":{"type":"branch","line":424,"loc":{"start":{"line":424,"column":150},"end":{"line":424,"column":161}},"locations":[{"start":{"line":424,"column":150},"end":{"line":424,"column":161}}]},"134":{"type":"branch","line":425,"loc":{"start":{"line":425,"column":31},"end":{"line":425,"column":46}},"locations":[{"start":{"line":425,"column":31},"end":{"line":425,"column":46}}]},"135":{"type":"branch","line":425,"loc":{"start":{"line":425,"column":47},"end":{"line":425,"column":95}},"locations":[{"start":{"line":425,"column":47},"end":{"line":425,"column":95}}]},"136":{"type":"branch","line":425,"loc":{"start":{"line":425,"column":96},"end":{"line":425,"column":100}},"locations":[{"start":{"line":425,"column":96},"end":{"line":425,"column":100}}]},"137":{"type":"branch","line":426,"loc":{"start":{"line":426,"column":45},"end":{"line":426,"column":51}},"locations":[{"start":{"line":426,"column":45},"end":{"line":426,"column":51}}]},"138":{"type":"branch","line":426,"loc":{"start":{"line":426,"column":52},"end":{"line":426,"column":58}},"locations":[{"start":{"line":426,"column":52},"end":{"line":426,"column":58}}]},"139":{"type":"branch","line":426,"loc":{"start":{"line":426,"column":147},"end":{"line":426,"column":160}},"locations":[{"start":{"line":426,"column":147},"end":{"line":426,"column":160}}]},"140":{"type":"branch","line":426,"loc":{"start":{"line":426,"column":161},"end":{"line":426,"column":165}},"locations":[{"start":{"line":426,"column":161},"end":{"line":426,"column":165}}]},"141":{"type":"branch","line":428,"loc":{"start":{"line":428,"column":-1},"end":{"line":428,"column":44}},"locations":[{"start":{"line":428,"column":-1},"end":{"line":428,"column":44}}]},"142":{"type":"branch","line":428,"loc":{"start":{"line":428,"column":44},"end":{"line":428,"column":117}},"locations":[{"start":{"line":428,"column":44},"end":{"line":428,"column":117}}]},"143":{"type":"branch","line":429,"loc":{"start":{"line":429,"column":-1},"end":{"line":429,"column":14}},"locations":[{"start":{"line":429,"column":-1},"end":{"line":429,"column":14}}]},"144":{"type":"branch","line":429,"loc":{"start":{"line":429,"column":14},"end":{"line":429,"column":130}},"locations":[{"start":{"line":429,"column":14},"end":{"line":429,"column":130}}]},"145":{"type":"branch","line":430,"loc":{"start":{"line":430,"column":-1},"end":{"line":431,"column":0}},"locations":[{"start":{"line":430,"column":-1},"end":{"line":431,"column":0}}]}},"b":{"0":[2],"1":[1],"2":[341],"3":[54],"4":[287],"5":[57],"6":[151],"7":[26],"8":[56],"9":[34],"10":[17],"11":[24],"12":[6],"13":[1],"14":[4],"15":[3],"16":[2],"17":[2],"18":[1],"19":[1],"20":[36],"21":[47],"22":[188],"23":[31],"24":[41],"25":[31],"26":[10],"27":[1],"28":[1],"29":[10],"30":[6],"31":[4],"32":[0],"33":[5],"34":[24],"35":[18],"36":[5],"37":[5],"38":[1],"39":[5],"40":[1],"41":[5],"42":[1],"43":[0],"44":[0],"45":[4],"46":[3],"47":[3],"48":[1],"49":[2],"50":[24],"51":[1],"52":[23],"53":[9],"54":[14],"55":[5],"56":[3],"57":[3],"58":[5],"59":[2],"60":[4],"61":[0],"62":[0],"63":[24],"64":[0],"65":[0],"66":[1],"67":[5],"68":[3],"69":[2],"70":[0],"71":[24],"72":[5],"73":[19],"74":[5],"75":[14],"76":[6],"77":[18],"78":[23],"79":[1],"80":[4],"81":[20],"82":[24],"83":[24],"84":[6],"85":[11],"86":[6],"87":[0],"88":[0],"89":[5],"90":[1],"91":[5],"92":[1],"93":[8],"94":[23],"95":[6],"96":[6],"97":[107],"98":[29],"99":[6],"100":[11],"101":[114],"102":[7],"103":[14],"104":[9],"105":[9],"106":[9],"107":[5],"108":[24],"109":[3],"110":[2],"111":[1],"112":[2],"113":[1],"114":[1],"115":[3],"116":[1],"117":[2],"118":[1],"119":[4],"120":[1],"121":[3],"122":[2],"123":[1],"124":[2],"125":[1],"126":[5],"127":[4],"128":[1],"129":[4],"130":[2],"131":[3],"132":[1],"133":[1],"134":[2],"135":[2],"136":[3],"137":[1],"138":[4],"139":[2],"140":[3],"141":[3],"142":[2],"143":[3],"144":[2],"145":[3]},"fnMap":{"0":{"name":"paint","decl":{"start":{"line":32,"column":14},"end":{"line":32,"column":77}},"loc":{"start":{"line":32,"column":14},"end":{"line":32,"column":77}},"line":32},"1":{"name":"bold","decl":{"start":{"line":33,"column":13},"end":{"line":33,"column":29}},"loc":{"start":{"line":33,"column":13},"end":{"line":33,"column":29}},"line":33},"2":{"name":"dim","decl":{"start":{"line":34,"column":12},"end":{"line":34,"column":28}},"loc":{"start":{"line":34,"column":12},"end":{"line":34,"column":28}},"line":34},"3":{"name":"gold","decl":{"start":{"line":35,"column":13},"end":{"line":35,"column":30}},"loc":{"start":{"line":35,"column":13},"end":{"line":35,"column":30}},"line":35},"4":{"name":"green","decl":{"start":{"line":36,"column":14},"end":{"line":36,"column":31}},"loc":{"start":{"line":36,"column":14},"end":{"line":36,"column":31}},"line":36},"5":{"name":"cyan","decl":{"start":{"line":37,"column":13},"end":{"line":37,"column":30}},"loc":{"start":{"line":37,"column":13},"end":{"line":37,"column":30}},"line":37},"6":{"name":"red","decl":{"start":{"line":38,"column":12},"end":{"line":38,"column":29}},"loc":{"start":{"line":38,"column":12},"end":{"line":38,"column":29}},"line":38},"7":{"name":"tmpdir","decl":{"start":{"line":40,"column":0},"end":{"line":42,"column":1}},"loc":{"start":{"line":40,"column":0},"end":{"line":42,"column":1}},"line":40},"8":{"name":"loadMatches","decl":{"start":{"line":44,"column":0},"end":{"line":46,"column":1}},"loc":{"start":{"line":44,"column":0},"end":{"line":46,"column":1}},"line":44},"9":{"name":"parseArgs","decl":{"start":{"line":48,"column":7},"end":{"line":56,"column":1}},"loc":{"start":{"line":48,"column":7},"end":{"line":56,"column":1}},"line":48},"10":{"name":"link","decl":{"start":{"line":58,"column":0},"end":{"line":64,"column":1}},"loc":{"start":{"line":58,"column":0},"end":{"line":64,"column":1}},"line":58},"11":{"name":"settleAll","decl":{"start":{"line":66,"column":0},"end":{"line":68,"column":1}},"loc":{"start":{"line":66,"column":0},"end":{"line":68,"column":1}},"line":66},"12":{"name":"untilState","decl":{"start":{"line":70,"column":0},"end":{"line":80,"column":1}},"loc":{"start":{"line":70,"column":0},"end":{"line":80,"column":1}},"line":70},"13":{"name":"runDemo","decl":{"start":{"line":84,"column":7},"end":{"line":282,"column":1}},"loc":{"start":{"line":84,"column":7},"end":{"line":282,"column":1}},"line":84},"14":{"name":"resolveAddress","decl":{"start":{"line":232,"column":22},"end":{"line":232,"column":57}},"loc":{"start":{"line":232,"column":22},"end":{"line":232,"column":57}},"line":232},"15":{"name":"runSession","decl":{"start":{"line":287,"column":0},"end":{"line":401,"column":1}},"loc":{"start":{"line":287,"column":0},"end":{"line":401,"column":1}},"line":287},"16":{"name":"reportVerdict","decl":{"start":{"line":405,"column":7},"end":{"line":408,"column":1}},"loc":{"start":{"line":405,"column":7},"end":{"line":408,"column":1}},"line":405},"17":{"name":"parseScore","decl":{"start":{"line":410,"column":7},"end":{"line":414,"column":1}},"loc":{"start":{"line":410,"column":7},"end":{"line":414,"column":1}},"line":410},"18":{"name":"printStatus","decl":{"start":{"line":416,"column":7},"end":{"line":431,"column":1}},"loc":{"start":{"line":416,"column":7},"end":{"line":431,"column":1}},"line":416},"19":{"name":"main","decl":{"start":{"line":436,"column":0},"end":{"line":465,"column":1}},"loc":{"start":{"line":436,"column":0},"end":{"line":465,"column":1}},"line":436}},"f":{"0":341,"1":57,"2":151,"3":26,"4":56,"5":34,"6":17,"7":24,"8":6,"9":1,"10":36,"11":47,"12":31,"13":6,"14":14,"15":1,"16":3,"17":3,"18":4,"19":1}}
,"/Users/edycu/Projects/Hackathon/HermesDocs/projects/dorahacks-tether-developers-cup-2026/specs/dorahacks-tetherdevcup-the-treble/build/src/agent/pundit.js": {"path":"/Users/edycu/Projects/Hackathon/HermesDocs/projects/dorahacks-tether-developers-cup-2026/specs/dorahacks-tetherdevcup-the-treble/build/src/agent/pundit.js","all":false,"statementMap":{"0":{"start":{"line":1,"column":0},"end":{"line":1,"column":76}},"1":{"start":{"line":2,"column":0},"end":{"line":2,"column":71}},"2":{"start":{"line":3,"column":0},"end":{"line":3,"column":76}},"3":{"start":{"line":4,"column":0},"end":{"line":4,"column":0}},"4":{"start":{"line":5,"column":0},"end":{"line":5,"column":57}},"5":{"start":{"line":6,"column":0},"end":{"line":6,"column":47}},"6":{"start":{"line":7,"column":0},"end":{"line":7,"column":0}},"7":{"start":{"line":8,"column":0},"end":{"line":8,"column":102}},"8":{"start":{"line":9,"column":0},"end":{"line":9,"column":30}},"9":{"start":{"line":10,"column":0},"end":{"line":10,"column":49}},"10":{"start":{"line":11,"column":0},"end":{"line":11,"column":3}},"11":{"start":{"line":12,"column":0},"end":{"line":12,"column":25}},"12":{"start":{"line":13,"column":0},"end":{"line":13,"column":76}},"13":{"start":{"line":14,"column":0},"end":{"line":14,"column":3}},"14":{"start":{"line":15,"column":0},"end":{"line":15,"column":25}},"15":{"start":{"line":16,"column":0},"end":{"line":16,"column":77}},"16":{"start":{"line":17,"column":0},"end":{"line":17,"column":3}},"17":{"start":{"line":18,"column":0},"end":{"line":18,"column":7}},"18":{"start":{"line":19,"column":0},"end":{"line":19,"column":82}},"19":{"start":{"line":20,"column":0},"end":{"line":20,"column":17}},"20":{"start":{"line":21,"column":0},"end":{"line":21,"column":59}},"21":{"start":{"line":22,"column":0},"end":{"line":22,"column":120}},"22":{"start":{"line":23,"column":0},"end":{"line":23,"column":19}},"23":{"start":{"line":24,"column":0},"end":{"line":24,"column":3}},"24":{"start":{"line":25,"column":0},"end":{"line":25,"column":1}},"25":{"start":{"line":26,"column":0},"end":{"line":26,"column":0}},"26":{"start":{"line":27,"column":0},"end":{"line":27,"column":31}},"27":{"start":{"line":28,"column":0},"end":{"line":28,"column":49}},"28":{"start":{"line":29,"column":0},"end":{"line":29,"column":67}},"29":{"start":{"line":30,"column":0},"end":{"line":30,"column":1}}},"s":{"0":1,"1":1,"2":1,"3":1,"4":1,"5":1,"6":1,"7":1,"8":19,"9":13,"10":13,"11":19,"12":1,"13":1,"14":19,"15":1,"16":1,"17":4,"18":4,"19":4,"20":4,"21":4,"22":4,"23":4,"24":19,"25":1,"26":4,"27":4,"28":4,"29":4},"branchMap":{"0":{"type":"branch","line":1,"loc":{"start":{"line":1,"column":0},"end":{"line":30,"column":1}},"locations":[{"start":{"line":1,"column":0},"end":{"line":30,"column":1}}]},"1":{"type":"branch","line":8,"loc":{"start":{"line":8,"column":7},"end":{"line":25,"column":1}},"locations":[{"start":{"line":8,"column":7},"end":{"line":25,"column":1}}]},"2":{"type":"branch","line":9,"loc":{"start":{"line":9,"column":29},"end":{"line":11,"column":3}},"locations":[{"start":{"line":9,"column":29},"end":{"line":11,"column":3}}]},"3":{"type":"branch","line":12,"loc":{"start":{"line":12,"column":-1},"end":{"line":12,"column":24}},"locations":[{"start":{"line":12,"column":-1},"end":{"line":12,"column":24}}]},"4":{"type":"branch","line":12,"loc":{"start":{"line":12,"column":24},"end":{"line":14,"column":3}},"locations":[{"start":{"line":12,"column":24},"end":{"line":14,"column":3}}]},"5":{"type":"branch","line":15,"loc":{"start":{"line":15,"column":-1},"end":{"line":15,"column":24}},"locations":[{"start":{"line":15,"column":-1},"end":{"line":15,"column":24}}]},"6":{"type":"branch","line":15,"loc":{"start":{"line":15,"column":24},"end":{"line":17,"column":3}},"locations":[{"start":{"line":15,"column":24},"end":{"line":17,"column":3}}]},"7":{"type":"branch","line":18,"loc":{"start":{"line":18,"column":-1},"end":{"line":24,"column":3}},"locations":[{"start":{"line":18,"column":-1},"end":{"line":24,"column":3}}]},"8":{"type":"branch","line":27,"loc":{"start":{"line":27,"column":0},"end":{"line":30,"column":1}},"locations":[{"start":{"line":27,"column":0},"end":{"line":30,"column":1}}]},"9":{"type":"branch","line":29,"loc":{"start":{"line":29,"column":28},"end":{"line":29,"column":59}},"locations":[{"start":{"line":29,"column":28},"end":{"line":29,"column":59}}]},"10":{"type":"branch","line":29,"loc":{"start":{"line":29,"column":60},"end":{"line":29,"column":67}},"locations":[{"start":{"line":29,"column":60},"end":{"line":29,"column":67}}]}},"b":{"0":[1],"1":[19],"2":[13],"3":[6],"4":[1],"5":[5],"6":[1],"7":[4],"8":[4],"9":[1],"10":[3]},"fnMap":{"0":{"name":"formPick","decl":{"start":{"line":8,"column":7},"end":{"line":25,"column":1}},"loc":{"start":{"line":8,"column":7},"end":{"line":25,"column":1}},"line":8},"1":{"name":"truncate","decl":{"start":{"line":27,"column":0},"end":{"line":30,"column":1}},"loc":{"start":{"line":27,"column":0},"end":{"line":30,"column":1}},"line":27}},"f":{"0":19,"1":4}}
,"/Users/edycu/Projects/Hackathon/HermesDocs/projects/dorahacks-tether-developers-cup-2026/specs/dorahacks-tetherdevcup-the-treble/build/src/agent/run.js": {"path":"/Users/edycu/Projects/Hackathon/HermesDocs/projects/dorahacks-tether-developers-cup-2026/specs/dorahacks-tetherdevcup-the-treble/build/src/agent/run.js","all":false,"statementMap":{"0":{"start":{"line":1,"column":0},"end":{"line":1,"column":73}},"1":{"start":{"line":2,"column":0},"end":{"line":2,"column":65}},"2":{"start":{"line":3,"column":0},"end":{"line":3,"column":0}},"3":{"start":{"line":4,"column":0},"end":{"line":4,"column":29}},"4":{"start":{"line":5,"column":0},"end":{"line":5,"column":19}},"5":{"start":{"line":6,"column":0},"end":{"line":6,"column":19}},"6":{"start":{"line":7,"column":0},"end":{"line":7,"column":23}},"7":{"start":{"line":8,"column":0},"end":{"line":8,"column":35}},"8":{"start":{"line":9,"column":0},"end":{"line":9,"column":41}},"9":{"start":{"line":10,"column":0},"end":{"line":10,"column":55}},"10":{"start":{"line":11,"column":0},"end":{"line":11,"column":51}},"11":{"start":{"line":12,"column":0},"end":{"line":12,"column":45}},"12":{"start":{"line":13,"column":0},"end":{"line":13,"column":37}},"13":{"start":{"line":14,"column":0},"end":{"line":14,"column":53}},"14":{"start":{"line":15,"column":0},"end":{"line":15,"column":0}},"15":{"start":{"line":16,"column":0},"end":{"line":16,"column":57}},"16":{"start":{"line":17,"column":0},"end":{"line":17,"column":0}},"17":{"start":{"line":18,"column":0},"end":{"line":18,"column":34}},"18":{"start":{"line":19,"column":0},"end":{"line":19,"column":24}},"19":{"start":{"line":20,"column":0},"end":{"line":20,"column":41}},"20":{"start":{"line":21,"column":0},"end":{"line":21,"column":23}},"21":{"start":{"line":22,"column":0},"end":{"line":22,"column":99}},"22":{"start":{"line":23,"column":0},"end":{"line":23,"column":25}},"23":{"start":{"line":24,"column":0},"end":{"line":24,"column":3}},"24":{"start":{"line":25,"column":0},"end":{"line":25,"column":13}},"25":{"start":{"line":26,"column":0},"end":{"line":26,"column":1}},"26":{"start":{"line":27,"column":0},"end":{"line":27,"column":0}},"27":{"start":{"line":28,"column":0},"end":{"line":28,"column":290}},"28":{"start":{"line":29,"column":0},"end":{"line":29,"column":63}},"29":{"start":{"line":30,"column":0},"end":{"line":30,"column":30}},"30":{"start":{"line":31,"column":0},"end":{"line":31,"column":26}},"31":{"start":{"line":32,"column":0},"end":{"line":32,"column":16}},"32":{"start":{"line":33,"column":0},"end":{"line":33,"column":100}},"33":{"start":{"line":34,"column":0},"end":{"line":34,"column":124}},"34":{"start":{"line":35,"column":0},"end":{"line":35,"column":19}},"35":{"start":{"line":36,"column":0},"end":{"line":36,"column":3}},"36":{"start":{"line":37,"column":0},"end":{"line":37,"column":0}},"37":{"start":{"line":38,"column":0},"end":{"line":38,"column":57}},"38":{"start":{"line":39,"column":0},"end":{"line":39,"column":77}},"39":{"start":{"line":40,"column":0},"end":{"line":40,"column":79}},"40":{"start":{"line":41,"column":0},"end":{"line":41,"column":41}},"41":{"start":{"line":42,"column":0},"end":{"line":42,"column":37}},"42":{"start":{"line":43,"column":0},"end":{"line":43,"column":44}},"43":{"start":{"line":44,"column":0},"end":{"line":44,"column":57}},"44":{"start":{"line":45,"column":0},"end":{"line":45,"column":0}},"45":{"start":{"line":46,"column":0},"end":{"line":46,"column":58}},"46":{"start":{"line":47,"column":0},"end":{"line":47,"column":43}},"47":{"start":{"line":48,"column":0},"end":{"line":48,"column":11}},"48":{"start":{"line":49,"column":0},"end":{"line":49,"column":11}},"49":{"start":{"line":50,"column":0},"end":{"line":50,"column":41}},"50":{"start":{"line":51,"column":0},"end":{"line":51,"column":4}},"51":{"start":{"line":52,"column":0},"end":{"line":52,"column":25}},"52":{"start":{"line":53,"column":0},"end":{"line":53,"column":64}},"53":{"start":{"line":54,"column":0},"end":{"line":54,"column":101}},"54":{"start":{"line":55,"column":0},"end":{"line":55,"column":3}},"55":{"start":{"line":56,"column":0},"end":{"line":56,"column":0}},"56":{"start":{"line":57,"column":0},"end":{"line":57,"column":89}},"57":{"start":{"line":58,"column":0},"end":{"line":58,"column":106}},"58":{"start":{"line":59,"column":0},"end":{"line":59,"column":0}},"59":{"start":{"line":60,"column":0},"end":{"line":60,"column":128}},"60":{"start":{"line":61,"column":0},"end":{"line":61,"column":55}},"61":{"start":{"line":62,"column":0},"end":{"line":62,"column":0}},"62":{"start":{"line":63,"column":0},"end":{"line":63,"column":71}},"63":{"start":{"line":64,"column":0},"end":{"line":64,"column":31}},"64":{"start":{"line":65,"column":0},"end":{"line":65,"column":22}},"65":{"start":{"line":66,"column":0},"end":{"line":66,"column":58}},"66":{"start":{"line":67,"column":0},"end":{"line":67,"column":22}},"67":{"start":{"line":68,"column":0},"end":{"line":68,"column":29}},"68":{"start":{"line":69,"column":0},"end":{"line":69,"column":3}},"69":{"start":{"line":70,"column":0},"end":{"line":70,"column":47}},"70":{"start":{"line":71,"column":0},"end":{"line":71,"column":31}},"71":{"start":{"line":72,"column":0},"end":{"line":72,"column":25}},"72":{"start":{"line":73,"column":0},"end":{"line":73,"column":25}},"73":{"start":{"line":74,"column":0},"end":{"line":74,"column":36}},"74":{"start":{"line":75,"column":0},"end":{"line":75,"column":58}},"75":{"start":{"line":76,"column":0},"end":{"line":76,"column":3}},"76":{"start":{"line":77,"column":0},"end":{"line":77,"column":134}},"77":{"start":{"line":78,"column":0},"end":{"line":78,"column":0}},"78":{"start":{"line":79,"column":0},"end":{"line":79,"column":69}},"79":{"start":{"line":80,"column":0},"end":{"line":80,"column":60}},"80":{"start":{"line":81,"column":0},"end":{"line":81,"column":56}},"81":{"start":{"line":82,"column":0},"end":{"line":82,"column":34}},"82":{"start":{"line":83,"column":0},"end":{"line":83,"column":109}},"83":{"start":{"line":84,"column":0},"e
[...]
,"/Users/edycu/Projects/Hackathon/HermesDocs/projects/dorahacks-tether-developers-cup-2026/specs/dorahacks-tetherdevcup-the-treble/build/src/wallet/sim-wallet.js": {"path":"/Users/edycu/Projects/Hackathon/HermesDocs/projects/dorahacks-tether-developers-cup-2026/specs/dorahacks-tetherdevcup-the-treble/build/src/wallet/sim-wallet.js","all":false,"statementMap":{"0":{"start":{"line":1,"column":0},"end":{"line":1,"column":62}},"1":{"start":{"line":2,"column":0},"end":{"line":2,"column":2}},"2":{"start":{"line":3,"column":0},"end":{"line":3,"column":74}},"3":{"start":{"line":4,"column":0},"end":{"line":4,"column":77}},"4":{"start":{"line":5,"column":0},"end":{"line":5,"column":77}},"5":{"start":{"line":6,"column":0},"end":{"line":6,"column":77}},"6":{"start":{"line":7,"column":0},"end":{"line":7,"column":75}},"7":{"start":{"line":8,"column":0},"end":{"line":8,"column":44}},"8":{"start":{"line":9,"column":0},"end":{"line":9,"column":0}},"9":{"start":{"line":10,"column":0},"end":{"line":10,"column":68}},"10":{"start":{"line":11,"column":0},"end":{"line":11,"column":37}},"11":{"start":{"line":12,"column":0},"end":{"line":12,"column":21}},"12":{"start":{"line":13,"column":0},"end":{"line":13,"column":21}},"13":{"start":{"line":14,"column":0},"end":{"line":14,"column":38}},"14":{"start":{"line":15,"column":0},"end":{"line":15,"column":0}},"15":{"start":{"line":16,"column":0},"end":{"line":16,"column":54}},"16":{"start":{"line":17,"column":0},"end":{"line":17,"column":41}},"17":{"start":{"line":18,"column":0},"end":{"line":18,"column":11}},"18":{"start":{"line":19,"column":0},"end":{"line":19,"column":23}},"19":{"start":{"line":20,"column":0},"end":{"line":20,"column":25}},"20":{"start":{"line":21,"column":0},"end":{"line":21,"column":83}},"21":{"start":{"line":22,"column":0},"end":{"line":22,"column":64}},"22":{"start":{"line":23,"column":0},"end":{"line":23,"column":57}},"23":{"start":{"line":24,"column":0},"end":{"line":24,"column":26}},"24":{"start":{"line":25,"column":0},"end":{"line":25,"column":3}},"25":{"start":{"line":26,"column":0},"end":{"line":26,"column":0}},"26":{"start":{"line":27,"column":0},"end":{"line":27,"column":16}},"27":{"start":{"line":28,"column":0},"end":{"line":28,"column":22}},"28":{"start":{"line":29,"column":0},"end":{"line":29,"column":3}},"29":{"start":{"line":30,"column":0},"end":{"line":30,"column":0}},"30":{"start":{"line":31,"column":0},"end":{"line":31,"column":15}},"31":{"start":{"line":32,"column":0},"end":{"line":32,"column":39}},"32":{"start":{"line":33,"column":0},"end":{"line":33,"column":3}},"33":{"start":{"line":34,"column":0},"end":{"line":34,"column":0}},"34":{"start":{"line":35,"column":0},"end":{"line":35,"column":18}},"35":{"start":{"line":36,"column":0},"end":{"line":36,"column":12}},"36":{"start":{"line":37,"column":0},"end":{"line":37,"column":41}},"37":{"start":{"line":38,"column":0},"end":{"line":38,"column":65}},"38":{"start":{"line":39,"column":0},"end":{"line":39,"column":5}},"39":{"start":{"line":40,"column":0},"end":{"line":40,"column":3}},"40":{"start":{"line":41,"column":0},"end":{"line":41,"column":0}},"41":{"start":{"line":42,"column":0},"end":{"line":42,"column":23}},"42":{"start":{"line":43,"column":0},"end":{"line":43,"column":55}},"43":{"start":{"line":44,"column":0},"end":{"line":44,"column":3}},"44":{"start":{"line":45,"column":0},"end":{"line":45,"column":0}},"45":{"start":{"line":46,"column":0},"end":{"line":46,"column":35}},"46":{"start":{"line":47,"column":0},"end":{"line":47,"column":84}},"47":{"start":{"line":48,"column":0},"end":{"line":48,"column":56}},"48":{"start":{"line":49,"column":0},"end":{"line":49,"column":3}},"49":{"start":{"line":50,"column":0},"end":{"line":50,"column":0}},"50":{"start":{"line":51,"column":0},"end":{"line":51,"column":24}},"51":{"start":{"line":52,"column":0},"end":{"line":52,"column":59}},"52":{"start":{"line":53,"column":0},"end":{"line":53,"column":77}},"53":{"start":{"line":54,"column":0},"end":{"line":54,"column":41}},"54":{"start":{"line":55,"column":0},"end":{"line":55,"column":3}},"55":{"start":{"line":56,"column":0},"end":{"line":56,"column":0}},"56":{"start":{"line":57,"column":0},"end":{"line":57,"column":37}},"57":{"start":{"line":58,"column":0},"end":{"line":58,"column":96}},"58":{"start":{"line":59,"column":0},"end":{"line":59,"column":3}},"59":{"start":{"line":60,"column":0},"end":{"line":60,"column":0}},"60":{"start":{"line":61,"column":0},"end":{"line":61,"column":56}},"61":{"start":{"line":62,"column":0},"end":{"line":62,"column":59}},"62":{"start":{"line":63,"column":0},"end":{"line":63,"column":85}},"63":{"start":{"line":64,"column":0},"end":{"line":64,"column":40}},"64":{"start":{"line":65,"column":0},"end":{"line":65,"column":80}},"65":{"start":{"line":66,"column":0},"end":{"line":66,"column":24}},"66":{"start":{"line":67,"column":0},"end":{"line":67,"column":3}},"67":{"start":{"line":68,"column":0},"end":{"line":68,"column":0}},"68":{"start":{"line":69,"column":0},"end":{"line":69,"column":26}},"69":{"start":{"line":70,"column":0},"end":{"line":70,"column":76}},"70":{"start":{"line":71,"column":0},"end":{"line":71,"column":3}},"71":{"start":{"line":72,"column":0},"end":{"line":72,"column":0}},"72":{"start":{"line":73,"column":0},"end":{"line":73,"column":30}},"73":{"start":{"line":74,"column":0},"end":{"line":74,"column":43}},"74":{"start":{"line":75,"column":0},"end":{"line":75,"column":31}},"75":{"start":{"line":76,"column":0},"end":{"line":76,"column":12}},"76":{"start":{"line":77,"column":0},"end":{"line":77,"column":38}},"77":{"start":{"line":78,"column":0},"end":{"line":78,"column":43}},"78":{"start":{"line":79,"column":0},"end":{"line":79,"column":88}},"79":{"start":{"line":80,"column":0},"end":{"line":80,"column":38}},"80":{"start":{"line":81,"column":0},"end":{"line":81,"column":7}},"81":{"start":{"line":82,"column":0},"end":{"line":82,"column":5}},"82":{"start":{"line":83,"column":0},"end":{"line":83,"column":3}},"83":{"start":{"line":84,"column":0},"end":{"line":84,"column":0}},"84":{"start":{"line":85,"column":0},"end":{"line":85,"column":14}},"85":{"start":{"line":86,"column":0},"end":{"line":86,"column":25}},"86":{"start":{"line":87,"column":0},"end":{"line":87,"column":3}},"87":{"start":{"line":88,"column":0},"end":{"line":88,"column":1}},"88":{"start":{"line":89,"column":0},"end":{"line":89,"column":0}},"89":{"start":{"line":90,"column":0},"end":{"line":90,"column":61}},"90":{"start":{"line":91,"column":0},"end":{"line":91,"column":35}},"91":{"start":{"line":92,"column":0},"end":{"line":92,"column":23}},"92":{"start":{"line":93,"column":0},"end":{"line":93,"column":90}},"93":{"start":{"line":94,"column":0},"end":{"line":94,"column":32}},"94":{"start":{"line":95,"column":0},"end":{"line":95,"column":3}},"95":{"start":{"line":96,"column":0},"end":{"line":96,"column":0}},"96":{"start":{"line":97,"column":0},"end":{"line":97,"column":32}},"97":{"start":{"line":98,"column":0},"end":{"line":98,"column":39}},"98":{"start":{"line":99,"column":0},"end":{"line":99,"column":32}},"99":{"start":{"line":100,"column":0},"end":{"line":100,"column":100}},"100":{"start":{"line":101,"column":0},"end":{"line":101,"column":5}},"101":{"start":{"line":102,"column":0},"end":{"line":102,"column":31}},"102":{"start":{"line":103,"column":0},"end":{"line":103,"column":3}},"103":{"start":{"line":104,"column":0},"end":{"line":104,"column":0}},"104":{"start":{"line":105,"column":0},"end":{"line":105,"column":33}},"105":{"start":{"line":106,"column":0},"end":{"line":106,"column":53}},"106":{"start":{"line":107,"column":0},"end":{"line":107,"column":75}},"107":{"start":{"line":108,"column":0},"end":{"line":108,"column":44}},"108":{"start":{"line":109,"column":0},"end":{"line":109,"column":3}},"109":{"start":{"line":110,"column":0},"end":{"line":110,"column":0}},"110":{"start":{"line":111,"column":0},"end":{"line":111,"column":24}},"111":{"start":{"line":112,"column":0},"end":{"line":112,"column":35}},"112":{"start":{"line":113,"column":0},"end":{"line":113,"column":3}},"113":{"start":{"line":114,"column":0},"end":{"line":114,"column":1}}},"s":{"0":1,"1":1,"2":1,"3":1,"4":1,"5":1,"6":1,"7":1,"8":1,"9":1,"10":1,"11":1,"12":1,"13":1,"14":1,"15":1,"16":1,"17":115,"18":115,"19":115,"20":115,"21":115,"22":115,"23":115,"24":115,"25":1,"26":1,"27":3,"28":3,"29":1,"30":1,"31":159,"32":159,"33":1,"34":1,"35":110,"36":110,"37":110,"38":110,"39":110,"40":1,"41":1,"42":234,"43":234,"44":1,"45":1,"46":2,"47":1,"48":2,"49":1,"50":1,"51":2,"52":1,"53":1,"54":2,"55":1,"56":1,"57":2,"58":2,"59":1,"60":1,"61":76,"62":76,"63":74,"64":74,"65":74,"66":76,"67":1,"68":1,"69":1,"70":1,"71":1,"72":1,"73":50,"74":50,"75":50,"76":50,"77":50,"78":3,"79":2,"80":3,"81":50,"82":50,"83":1,"84":1,"85":109,"86":109,"87":1,"88":1,"89":1,"90":1,"91":68,"92":68,"93":67,"94":68,"95":1,"96":1,"97":115,"98":115,"99":114,"100":114,"101":115,"102":115,"103":1,"104":1,"105":3,"106":3,"107":2,"108":3,"109":1,"110":1,"111":1,"112":1,"113":1},"branchMap":{"0":{"type":"branch","line":1,"loc":{"start":{"line":1,"column":0},"end":{"line":114,"column":1}},"locations":[{"start":{"line":1,"column":0},"end":{"line":114,"column":1}}]},"1":{"type":"branch","line":17,"loc":{"start":{"line":17,"column":2},"end":{"line":25,"column":3}},"locations":[{"start":{"line":17,"column":2},"end":{"line":25,"column":3}}]},"2":{"type":"branch","line":27,"loc":{"start":{"line":27,"column":2},"end":{"line":29,"column":3}},"locations":[{"start":{"line":27,"column":2},"end":{"line":29,"column":3}}]},"3":{"type":"branch","line":31,"loc":{"start":{"line":31,"column":2},"end":{"line":33,"column":3}},"locations":[{"start":{"line":31,"column":2},"end":{"line":33,"column":3}}]},"4":{"type":"branch","line":35,"loc":{"start":{"line":35,"column":2},"end":{"line":40,"column":3}},"locations":[{"start":{"line":35,"column":2},"end":{"line":40,"column":3}}]},"5":{"type":"branch","line":38,"loc":{"start":{"line":38,"column":33},"end":{"line":38,"column":39}},"locations":[{"start":{"line":38,"column":33},"end":{"line":38,"column":39}}]},"6":{"type":"branch","line":38,"loc":{"start":{"line":38,"column":40},"end":{"line":38,"column":65}},"locations":[{"start":{"line":38,"column":40},"end":{"line":38,"column":65}}]},"7":{"type":"branch","line":42,"loc":{"start":{"line":42,"column":2},"end":{"line":44,"column":3}},"locations":[{"start":{"line":42,"column":2},"end":{"line":44,"column":3}}]},"8":{"type":"branch","line":46,"loc":{"start":{"line":46,"column":2},"end":{"line":49,"column":3}},"locations":[{"start":{"line":46,"column":2},"end":{"line":49,"column":3}}]},"9":{"type":"branch","line":47,"loc":{"start":{"line":47,"column":24},"end":{"line":49,"column":2}},"locations":[{"start":{"line":47,"column":24},"end":{"line":49,"column":2}}]},"10":{"type":"branch","line":51,"loc":{"start":{"line":51,"column":2},"end":{"line":55,"column":3}},"locations":[{"start":{"line":51,"column":2},"end":{"line":55,"column":3}}]},"11":{"type":"branch","line":52,"loc":{"start":{"line":52,"column":24},"end":{"line":55,"column":2}},"locations":[{"start":{"line":52,"column":24},"end":{"line":55,"column":2}}]},"12":{"type":"branch","line":57,"loc":{"start":{"line":57,"column":2},"end":{"line":59,"column":3}},"locations":[{"start":{"line":57,"column":2},"end":{"line":59,"column":3}}]},"13":{"type":"branch","line":61,"loc":{"start":{"line":61,"column":2},"end":{"line":67,"column":3}},"locations":[{"start":{"line":61,"column":2},"end":{"line":67,"column":3}}]},"14":{"type":"branch","line":62,"loc":{"start":{"line":62,"column":24},"end":{"line":62,"column":59}},"locations":[{"start":{"line":62,"column":24},"end":{"line":62,"column":59}}]},"15":{"type":"branch","line":63,"loc":{"start":{"line":63,"column":-1},"end":{"line":63,"column":24}},"locations":[{"start":{"line":63,"column":-1},"end":{"line":63,"column":24}}]},"16":{"type":"branch","line":63,"loc":{"start":{"line":63,"column":24},"end":{"line":63,"column":85}},"locations":[{"start":{"line":63,"column":24},"end":{"line":63,"column":85}}]},"17":{"type":"branch","line":64,"loc":{"start":{"line":64,"column":-1},"end":{"line":67,"column":2}},"locations":[{"start":{"line":64,"column":-1},"end":{"line":67,"column":2}}]},"18":{"type":"branch","line":69,"loc":{"start":{"line":69,"column":2},"end":{"line":71,"column":3}},"locations":[{"start":{"line":69,"column":2},"end":{"line":71,"column":3}}]},"19":{"type":"branch","line":73,"loc":{"start":{"line":73,"column":2},"end":{"line":83,"column":3}},"locations":[{"start":{"line":73,"column":2},"end":{"line":83,"column":3}}]},"20":{"type":"branch","line":77,"loc":{"start":{"line":77,"column":18},"end":{"line":77,"column":37}},"locations":[{"start":{"line":77,"column":18},"end":{"line":77,"column":37}}]},"21":{"type":"branch","line":78,"loc":{"start":{"line":78,"column":18},"end":{"line":81,"column":7}},"locations":[{"start":{"line":78,"column":18},"end":{"line":81,"column":7}}]},"22":{"type":"branch","line":79,"loc":{"start":{"line":79,"column":28},"end":{"line":79,"column":88}},"locations":[{"start":{"line":79,"column":28},"end":{"line":79,"column":88}}]},"23":{"type":"branch","line":80,"loc":{"start":{"line":80,"column":-1},"end":{"line":81,"column":6}},"locations":[{"start":{"line":80,"column":-1},"end":{"line":81,"column":6}}]},"24":{"type":"branch","line":85,"loc":{"start":{"line":85,"column":2},"end":{"line":87,"column":3}},"locations":[{"start":{"line":85,"column":2},"end":{"line":87,"column":3}}]},"25":{"type":"branch","line":91,"loc":{"start":{"line":91,"column":2},"end":{"line":95,"column":3}},"locations":[{"start":{"line":91,"column":2},"end":{"line":95,"column":3}}]},"26":{"type":"branch","line":93,"loc":{"start":{"line":93,"column":24},"end":{"line":93,"column":90}},"locations":[{"start":{"line":93,"column":24},"end":{"line":93,"column":90}}]},"27":{"type":"branch","line":94,"loc":{"start":{"line":94,"column":-1},"end":{"line":95,"column":2}},"locations":[{"start":{"line":94,"column":-1},"end":{"line":95,"column":2}}]},"28":{"type":"branch","line":97,"loc":{"start":{"line":97,"column":2},"end":{"line":103,"column":3}},"locations":[{"start":{"line":97,"column":2},"end":{"line":103,"column":3}}]},"29":{"type":"branch","line":99,"loc":{"start":{"line":99,"column":31},"end":{"line":101,"column":5}},"locations":[{"start":{"line":99,"column":31},"end":{"line":101,"column":5}}]},"30":{"type":"branch","line":105,"loc":{"start":{"line":105,"column":2},"end":{"line":109,"column":3}},"locations":[{"start":{"line":105,"column":2},"end":{"line":109,"column":3}}]},"31":{"type":"branch","line":107,"loc":{"start":{"line":107,"column":16},"end":{"line":107,"column":75}},"locations":[{"start":{"line":107,"column":16},"end":{"line":107,"column":75}}]},"32":{"type":"branch","line":108,"loc":{"start":{"line":108,"column":-1},"end":{"line":109,"column":2}},"locations":[{"start":{"line":108,"column":-1},"end":{"line":109,"column":2}}]},"33":{"type":"branch","line":111,"loc":{"start":{"line":111,"column":2},"end":{"line":113,"column":3}},"locations":[{"start":{"line":111,"column":2},"end":{"line":113,"column":3}}]}},"b":{"0":[1],"1":[115],"2":[3],"3":[159],"4":[110],"5":[1],"6":[109],"7":[234],"8":[2],"9":[1],"10":[2],"11":[1],"12":[2],"13":[76],"14":[1],"15":[75],"16":[1],"17":[74],"18":[1],"19":[50],"20":[1],"21":[3],"22":[1],"23":[2],"24":[109],"25":[68],"26":[1],"27":[67],"28":[115],"29":[114],"30":[3],"31":[1],"32":[2],"33":[1]},"fnMap":{"0":{"name":"SimWalletAccount","decl":{"start":{"line":17,"column":2},"end":{"line":25,"column":3}},"loc":{"start":{"line":17,"column":2},"end":{"line":25,"column":3}},"line":17},"1":{"name":"get index","decl":{"start":{"line":27,"column":2},"end":{"line":29,"column":3}},"loc":{"start":{"line":27,"column":2},"end":{"line":29,"column":3}},"line":27},"2":{"name":"get path","decl":{"start":{"line":31,"column":2},"end":{"line":33,"column":3}},"loc":{"start":{"line":31,"column":2},"end":{"line":33,"column":3}},"line":31},"3":{"name":"get keyPair","decl":{"start":{"line":35,"column":2},"end":{"line":40,"column":3}},"loc":{"start":{"line":35,"column":2},"end":{"line":40,"column":3}},"line":35},"4":{"name":"getAddress","decl":{"start":{"line":42,"column":2},"end":{"line":44,"column":3}},"loc":{"start":{"line":42,"column":2},"end":{"line":44,"column":3}},"line":42},"5":{"name":"getBalance","decl":{"start":{"line":46,"column":2},"end":{"line":49,"column":3}},"loc":{"start":{"line":46,"column":2},"end":{"line":49,"column":3}},"line":46},"6":{"name":"sign","decl":{"start":{"line":51,"column":2},"end":{"line":55,"column":3}},"loc":{"start":{"line":51,"column":2},"end":{"line":55,"column":3}},"line":51},"7":{"name":"verify","decl":{"start":{"line":57,"column":2},"end":{"line":59,"column":3}},"loc":{"start":{"line":57,"column":2},"end":{"line":59,"column":3}},"line":57},"8":{"name":"transfer","decl":{"start":{"line":61,"column":2},"end":{"line":67,"column":3}},"loc":{"start":{"line":61,"column":2},"end":{"line":67,"column":3}},"line":61},"9":{"name":"quoteTransfer","decl":{"start":{"line":69,"column":2},"end":{"line":71,"column":3}},"loc":{"start":{"line":69,"column":2},"end":{"line":71,"column":3}},"line":69},"10":{"name":"toReadOnlyAccount","decl":{"start":{"line":73,"column":2},"end":{"line":83,"column":3}},"loc":{"start":{"line":73,"column":2},"end":{"line":83,"column":3}},"line":73},"11":{"name":"getAddress","decl":{"start":{"line":77,"column":18},"end":{"line":77,"column":37}},"loc":{"start":{"line":77,"column":18},"end":{"line":77,"column":37}},"line":77},"12":{"name":"getBalance","decl":{"start":{"line":78,"column":18},"end":{"line":81,"column":7}},"loc":{"start":{"line":78,"column":18},"end":{"line":81,"column":7}},"line":78},"13":{"name":"dispose","decl":{"start":{"line":85,"column":2},"end":{"line":87,"column":3}},"loc":{"start":{"line":85,"column":2},"end":{"line":87,"column":3}},"line":85},"14":{"name":"SimWalletManager","decl":{"start":{"line":91,"column":2},"end":{"line":95,"column":3}},"loc":{"start":{"line":91,"column":2},"end":{"line":95,"column":3}},"line":91},"15":{"name":"getAccount","decl":{"start":{"line":97,"column":2},"end":{"line":103,"column":3}},"loc":{"start":{"line":97,"column":2},"end":{"line":103,"column":3}},"line":97},"16":{"name":"getAccountByPath","decl":{"start":{"line":105,"column":2},"end":{"line":109,"column":3}},"loc":{"start":{"line":105,"column":2},"end":{"line":109,"column":3}},"line":105},"17":{"name":"getFeeRates","decl":{"start":{"line":111,"column":2},"end":{"line":113,"column":3}},"loc":{"start":{"line":111,"column":2},"end":{"line":113,"column":3}},"line":111}},"f":{"0":115,"1":3,"2":159,"3":110,"4":234,"5":2,"6":2,"7":2,"8":76,"9":1,"10":50,"11":1,"12":3,"13":109,"14":68,"15":115,"16":3,"17":1}}
}
